{"contracts/bondingcurve/AllocationRule.sol":{"l":{"13":0,"17":0,"18":0,"19":0,"20":0,"22":0,"23":0,"27":0,"33":0,"34":0,"35":0,"39":0,"40":0,"41":0},"path":"/Users/joeysantoro/Desktop/Ethereum/Fei-Protocol/contracts/bondingcurve/AllocationRule.sol","s":{"1":0,"2":0,"3":0,"4":0,"5":0,"6":0,"7":0,"8":0,"9":0,"10":0,"11":0,"12":0,"13":0,"14":0},"b":{"1":[0,0],"2":[0,0]},"f":{"1":0,"2":0,"3":0,"4":0,"5":0},"fnMap":{"1":{"name":"constructor","line":12,"loc":{"start":{"line":12,"column":1},"end":{"line":14,"column":1}}},"2":{"name":"checkAllocation","line":16,"loc":{"start":{"line":16,"column":1},"end":{"line":24,"column":1}}},"3":{"name":"getAllocationRule","line":26,"loc":{"start":{"line":26,"column":1},"end":{"line":28,"column":1}}},"4":{"name":"_setAllocation","line":32,"loc":{"start":{"line":32,"column":1},"end":{"line":36,"column":1}}},"5":{"name":"allocate","line":38,"loc":{"start":{"line":38,"column":1},"end":{"line":43,"column":1}}}},"statementMap":{"1":{"start":{"line":13,"column":2},"end":{"line":13,"column":38}},"2":{"start":{"line":17,"column":2},"end":{"line":17,"column":113}},"3":{"start":{"line":18,"column":2},"end":{"line":18,"column":18}},"4":{"start":{"line":19,"column":2},"end":{"line":19,"column":661}},"5":{"start":{"line":20,"column":3},"end":{"line":20,"column":21}},"6":{"start":{"line":22,"column":2},"end":{"line":22,"column":75}},"7":{"start":{"line":23,"column":2},"end":{"line":23,"column":13}},"8":{"start":{"line":27,"column":2},"end":{"line":27,"column":30}},"9":{"start":{"line":33,"column":2},"end":{"line":33,"column":39}},"10":{"start":{"line":34,"column":2},"end":{"line":34,"column":27}},"11":{"start":{"line":35,"column":2},"end":{"line":35,"column":17}},"12":{"start":{"line":39,"column":2},"end":{"line":39,"column":1273}},"13":{"start":{"line":40,"column":3},"end":{"line":40,"column":51}},"14":{"start":{"line":41,"column":3},"end":{"line":41,"column":40}}},"branchMap":{"1":{"line":17,"type":"if","locations":[{"start":{"line":17,"column":2},"end":{"line":17,"column":2}},{"start":{"line":17,"column":2},"end":{"line":17,"column":2}}]},"2":{"line":22,"type":"if","locations":[{"start":{"line":22,"column":2},"end":{"line":22,"column":2}},{"start":{"line":22,"column":2},"end":{"line":22,"column":2}}]}}},"contracts/bondingcurve/BondingCurve.sol":{"l":{"29":0,"30":0,"34":0,"38":0,"39":0,"43":0,"47":0,"51":0,"52":0,"54":0,"58":0,"59":0,"60":0,"62":0,"66":0,"67":0,"68":0,"69":0,"70":0,"71":0,"75":0,"79":0,"87":0,"91":0},"path":"/Users/joeysantoro/Desktop/Ethereum/Fei-Protocol/contracts/bondingcurve/BondingCurve.sol","s":{"1":0,"2":0,"3":0,"4":0,"5":0,"6":0,"7":0,"8":0,"9":0,"10":0,"11":0,"12":0,"13":0,"14":0,"15":0,"16":0,"17":0,"18":0,"19":0,"20":0,"21":0,"22":0,"23":0,"24":0},"b":{"1":[0,0],"2":[0,0],"3":[0,0]},"f":{"1":0,"2":0,"3":0,"4":0,"5":0,"6":0,"7":0,"8":0,"9":0,"10":0,"11":0,"12":0},"fnMap":{"1":{"name":"constructor","line":27,"loc":{"start":{"line":19,"column":1},"end":{"line":31,"column":1}}},"2":{"name":"setScale","line":33,"loc":{"start":{"line":33,"column":1},"end":{"line":35,"column":1}}},"3":{"name":"setBuffer","line":37,"loc":{"start":{"line":37,"column":1},"end":{"line":40,"column":1}}},"4":{"name":"setAllocation","line":42,"loc":{"start":{"line":42,"column":1},"end":{"line":44,"column":1}}},"5":{"name":"atScale","line":46,"loc":{"start":{"line":46,"column":1},"end":{"line":48,"column":1}}},"6":{"name":"getCurrentPrice","line":50,"loc":{"start":{"line":50,"column":1},"end":{"line":55,"column":1}}},"7":{"name":"getAmountOut","line":57,"loc":{"start":{"line":57,"column":1},"end":{"line":63,"column":1}}},"8":{"name":"_purchase","line":65,"loc":{"start":{"line":65,"column":1},"end":{"line":72,"column":1}}},"9":{"name":"incrementTotalPurchased","line":74,"loc":{"start":{"line":74,"column":1},"end":{"line":76,"column":1}}},"10":{"name":"_setScale","line":78,"loc":{"start":{"line":78,"column":1},"end":{"line":80,"column":1}}},"11":{"name":"getBuffer","line":86,"loc":{"start":{"line":86,"column":1},"end":{"line":88,"column":1}}},"12":{"name":"getBufferAdjustedAmount","line":90,"loc":{"start":{"line":90,"column":1},"end":{"line":92,"column":1}}}},"statementMap":{"1":{"start":{"line":29,"column":2},"end":{"line":29,"column":18}},"2":{"start":{"line":30,"column":2},"end":{"line":30,"column":20}},"3":{"start":{"line":34,"column":2},"end":{"line":34,"column":18}},"4":{"start":{"line":38,"column":2},"end":{"line":38,"column":93}},"5":{"start":{"line":39,"column":2},"end":{"line":39,"column":17}},"6":{"start":{"line":43,"column":2},"end":{"line":43,"column":36}},"7":{"start":{"line":47,"column":2},"end":{"line":47,"column":32}},"8":{"start":{"line":51,"column":2},"end":{"line":51,"column":1439}},"9":{"start":{"line":52,"column":3},"end":{"line":52,"column":32}},"10":{"start":{"line":54,"column":2},"end":{"line":54,"column":52}},"11":{"start":{"line":58,"column":2},"end":{"line":58,"column":58}},"12":{"start":{"line":59,"column":2},"end":{"line":59,"column":1706}},"13":{"start":{"line":60,"column":3},"end":{"line":60,"column":49}},"14":{"start":{"line":62,"column":2},"end":{"line":62,"column":49}},"15":{"start":{"line":66,"column":3},"end":{"line":66,"column":16}},"16":{"start":{"line":67,"column":3},"end":{"line":67,"column":36}},"17":{"start":{"line":68,"column":3},"end":{"line":68,"column":36}},"18":{"start":{"line":69,"column":2},"end":{"line":69,"column":26}},"19":{"start":{"line":70,"column":2},"end":{"line":70,"column":19}},"20":{"start":{"line":71,"column":2},"end":{"line":71,"column":18}},"21":{"start":{"line":75,"column":2},"end":{"line":75,"column":25}},"22":{"start":{"line":79,"column":2},"end":{"line":79,"column":15}},"23":{"start":{"line":87,"column":2},"end":{"line":87,"column":71}},"24":{"start":{"line":91,"column":2},"end":{"line":91,"column":46}}},"branchMap":{"1":{"line":38,"type":"if","locations":[{"start":{"line":38,"column":2},"end":{"line":38,"column":2}},{"start":{"line":38,"column":2},"end":{"line":38,"column":2}}]},"2":{"line":51,"type":"if","locations":[{"start":{"line":51,"column":2},"end":{"line":51,"column":2}},{"start":{"line":51,"column":2},"end":{"line":51,"column":2}}]},"3":{"line":59,"type":"if","locations":[{"start":{"line":59,"column":2},"end":{"line":59,"column":2}},{"start":{"line":59,"column":2},"end":{"line":59,"column":2}}]}}},"contracts/bondingcurve/EthBondingCurve.sol":{"l":{"19":0,"20":0,"25":0,"26":0,"30":0,"34":0},"path":"/Users/joeysantoro/Desktop/Ethereum/Fei-Protocol/contracts/bondingcurve/EthBondingCurve.sol","s":{"1":0,"2":0,"3":0,"4":0,"5":0,"6":0},"b":{"1":[0,0]},"f":{"1":0,"2":0,"3":0,"4":0,"5":0},"fnMap":{"1":{"name":"constructor","line":16,"loc":{"start":{"line":9,"column":1},"end":{"line":16,"column":58}}},"2":{"name":"purchase","line":18,"loc":{"start":{"line":18,"column":1},"end":{"line":21,"column":1}}},"3":{"name":"getBondingCurveAmountOut","line":24,"loc":{"start":{"line":24,"column":1},"end":{"line":27,"column":1}}},"4":{"name":"getBondingCurvePriceMultiplier","line":29,"loc":{"start":{"line":29,"column":1},"end":{"line":31,"column":1}}},"5":{"name":"allocateSingle","line":33,"loc":{"start":{"line":33,"column":1},"end":{"line":35,"column":1}}}},"statementMap":{"1":{"start":{"line":19,"column":2},"end":{"line":19,"column":81}},"2":{"start":{"line":20,"column":2},"end":{"line":20,"column":32}},"3":{"start":{"line":25,"column":2},"end":{"line":25,"column":96}},"4":{"start":{"line":26,"column":2},"end":{"line":26,"column":50}},"5":{"start":{"line":30,"column":2},"end":{"line":30,"column":59}},"6":{"start":{"line":34,"column":2},"end":{"line":34,"column":56}}},"branchMap":{"1":{"line":19,"type":"if","locations":[{"start":{"line":19,"column":2},"end":{"line":19,"column":2}},{"start":{"line":19,"column":2},"end":{"line":19,"column":2}}]}}},"contracts/bondingcurve/IAllocationRule.sol":{"l":{},"path":"/Users/joeysantoro/Desktop/Ethereum/Fei-Protocol/contracts/bondingcurve/IAllocationRule.sol","s":{},"b":{},"f":{},"fnMap":{},"statementMap":{},"branchMap":{}},"contracts/bondingcurve/IBondingCurve.sol":{"l":{},"path":"/Users/joeysantoro/Desktop/Ethereum/Fei-Protocol/contracts/bondingcurve/IBondingCurve.sol","s":{},"b":{},"f":{},"fnMap":{},"statementMap":{},"branchMap":{}},"contracts/core/Core.sol":{"l":{"19":16,"20":16,"21":16,"22":16,"24":0,"25":16,"29":0,"33":0,"37":0,"41":0,"42":0,"46":0,"47":0,"52":0},"path":"/Users/joeysantoro/Desktop/Ethereum/Fei-Protocol/contracts/core/Core.sol","s":{"1":16,"2":16,"3":16,"4":16,"5":16,"6":16,"7":0,"8":0,"9":0,"10":0,"11":0,"12":0,"13":0,"14":0},"b":{"1":[0,0],"2":[0,0]},"f":{"1":16,"2":0,"3":0,"4":0,"5":0,"6":0,"7":0},"fnMap":{"1":{"name":"constructor","line":18,"loc":{"start":{"line":18,"column":1},"end":{"line":26,"column":1}}},"2":{"name":"setFei","line":28,"loc":{"start":{"line":28,"column":1},"end":{"line":30,"column":1}}},"3":{"name":"setGenesisGroup","line":32,"loc":{"start":{"line":32,"column":1},"end":{"line":34,"column":1}}},"4":{"name":"setGenesisPeriodEnd","line":36,"loc":{"start":{"line":36,"column":1},"end":{"line":38,"column":1}}},"5":{"name":"allocateTribe","line":40,"loc":{"start":{"line":40,"column":1},"end":{"line":43,"column":1}}},"6":{"name":"completeGenesisGroup","line":45,"loc":{"start":{"line":45,"column":1},"end":{"line":48,"column":1}}},"7":{"name":"isGenesisPeriod","line":50,"loc":{"start":{"line":50,"column":1},"end":{"line":53,"column":1}}}},"statementMap":{"1":{"start":{"line":19,"column":2},"end":{"line":19,"column":27}},"2":{"start":{"line":20,"column":2},"end":{"line":20,"column":30}},"3":{"start":{"line":21,"column":2},"end":{"line":21,"column":35}},"4":{"start":{"line":22,"column":2},"end":{"line":22,"column":26}},"5":{"start":{"line":24,"column":2},"end":{"line":24,"column":41}},"6":{"start":{"line":25,"column":2},"end":{"line":25,"column":32}},"7":{"start":{"line":29,"column":2},"end":{"line":29,"column":18}},"8":{"start":{"line":33,"column":2},"end":{"line":33,"column":29}},"9":{"start":{"line":37,"column":2},"end":{"line":37,"column":37}},"10":{"start":{"line":41,"column":2},"end":{"line":41,"column":75}},"11":{"start":{"line":42,"column":2},"end":{"line":42,"column":27}},"12":{"start":{"line":46,"column":2},"end":{"line":46,"column":122}},"13":{"start":{"line":47,"column":2},"end":{"line":47,"column":32}},"14":{"start":{"line":52,"column":2},"end":{"line":52,"column":31}}},"branchMap":{"1":{"line":41,"type":"if","locations":[{"start":{"line":41,"column":2},"end":{"line":41,"column":2}},{"start":{"line":41,"column":2},"end":{"line":41,"column":2}}]},"2":{"line":46,"type":"if","locations":[{"start":{"line":46,"column":2},"end":{"line":46,"column":2}},{"start":{"line":46,"column":2},"end":{"line":46,"column":2}}]}}},"contracts/core/Permissions.sol":{"l":{"14":16,"15":16,"16":16,"17":16,"18":16,"22":0,"23":0,"27":0,"28":0,"32":0,"36":0,"40":0,"44":0,"48":0,"52":0,"56":0,"60":0,"64":0,"68":0,"72":0,"76":0,"80":0,"84":0,"89":0,"93":0,"97":0,"101":32},"path":"/Users/joeysantoro/Desktop/Ethereum/Fei-Protocol/contracts/core/Permissions.sol","s":{"1":16,"2":16,"3":16,"4":16,"5":16,"6":0,"7":0,"8":0,"9":0,"10":0,"11":0,"12":0,"13":0,"14":0,"15":0,"16":0,"17":0,"18":0,"19":0,"20":0,"21":0,"22":0,"23":0,"24":0,"25":32},"b":{"1":[0,0],"2":[0,0]},"f":{"1":16,"2":0,"3":0,"4":0,"5":0,"6":0,"7":0,"8":0,"9":0,"10":0,"11":0,"12":0,"13":0,"14":0,"15":0,"16":0,"17":0,"18":0,"19":0,"20":0,"21":32},"fnMap":{"1":{"name":"constructor","line":13,"loc":{"start":{"line":13,"column":1},"end":{"line":19,"column":1}}},"2":{"name":"onlyGovernor","line":21,"loc":{"start":{"line":21,"column":1},"end":{"line":24,"column":1}}},"3":{"name":"onlyRevoker","line":26,"loc":{"start":{"line":26,"column":1},"end":{"line":29,"column":1}}},"4":{"name":"createRole","line":31,"loc":{"start":{"line":31,"column":1},"end":{"line":33,"column":1}}},"5":{"name":"grantMinter","line":35,"loc":{"start":{"line":35,"column":1},"end":{"line":37,"column":1}}},"6":{"name":"grantBurner","line":39,"loc":{"start":{"line":39,"column":1},"end":{"line":41,"column":1}}},"7":{"name":"grantPCVController","line":43,"loc":{"start":{"line":43,"column":1},"end":{"line":45,"column":1}}},"8":{"name":"grantGovernor","line":47,"loc":{"start":{"line":47,"column":1},"end":{"line":49,"column":1}}},"9":{"name":"grantRevoker","line":51,"loc":{"start":{"line":51,"column":1},"end":{"line":53,"column":1}}},"10":{"name":"revokeMinter","line":55,"loc":{"start":{"line":55,"column":1},"end":{"line":57,"column":1}}},"11":{"name":"revokeBurner","line":59,"loc":{"start":{"line":59,"column":1},"end":{"line":61,"column":1}}},"12":{"name":"revokePCVController","line":63,"loc":{"start":{"line":63,"column":1},"end":{"line":65,"column":1}}},"13":{"name":"revokeGovernor","line":67,"loc":{"start":{"line":67,"column":1},"end":{"line":69,"column":1}}},"14":{"name":"revokeRevoker","line":71,"loc":{"start":{"line":71,"column":1},"end":{"line":73,"column":1}}},"15":{"name":"revokeOverride","line":75,"loc":{"start":{"line":75,"column":1},"end":{"line":77,"column":1}}},"16":{"name":"isMinter","line":79,"loc":{"start":{"line":79,"column":1},"end":{"line":81,"column":1}}},"17":{"name":"isBurner","line":83,"loc":{"start":{"line":83,"column":1},"end":{"line":85,"column":1}}},"18":{"name":"isGovernor","line":88,"loc":{"start":{"line":88,"column":1},"end":{"line":90,"column":1}}},"19":{"name":"isRevoker","line":92,"loc":{"start":{"line":92,"column":1},"end":{"line":94,"column":1}}},"20":{"name":"isPCVController","line":96,"loc":{"start":{"line":96,"column":1},"end":{"line":98,"column":1}}},"21":{"name":"_setupGovernor","line":100,"loc":{"start":{"line":100,"column":1},"end":{"line":102,"column":1}}}},"statementMap":{"1":{"start":{"line":14,"column":2},"end":{"line":14,"column":40}},"2":{"start":{"line":15,"column":2},"end":{"line":15,"column":40}},"3":{"start":{"line":16,"column":2},"end":{"line":16,"column":48}},"4":{"start":{"line":17,"column":2},"end":{"line":17,"column":40}},"5":{"start":{"line":18,"column":2},"end":{"line":18,"column":40}},"6":{"start":{"line":22,"column":2},"end":{"line":22,"column":73}},"7":{"start":{"line":27,"column":2},"end":{"line":27,"column":71}},"8":{"start":{"line":32,"column":2},"end":{"line":32,"column":31}},"9":{"start":{"line":36,"column":2},"end":{"line":36,"column":31}},"10":{"start":{"line":40,"column":2},"end":{"line":40,"column":31}},"11":{"start":{"line":44,"column":2},"end":{"line":44,"column":46}},"12":{"start":{"line":48,"column":2},"end":{"line":48,"column":33}},"13":{"start":{"line":52,"column":2},"end":{"line":52,"column":32}},"14":{"start":{"line":56,"column":2},"end":{"line":56,"column":32}},"15":{"start":{"line":60,"column":2},"end":{"line":60,"column":32}},"16":{"start":{"line":64,"column":2},"end":{"line":64,"column":47}},"17":{"start":{"line":68,"column":2},"end":{"line":68,"column":34}},"18":{"start":{"line":72,"column":2},"end":{"line":72,"column":33}},"19":{"start":{"line":76,"column":2},"end":{"line":76,"column":31}},"20":{"start":{"line":80,"column":2},"end":{"line":80,"column":39}},"21":{"start":{"line":84,"column":2},"end":{"line":84,"column":39}},"22":{"start":{"line":89,"column":2},"end":{"line":89,"column":39}},"23":{"start":{"line":93,"column":2},"end":{"line":93,"column":39}},"24":{"start":{"line":97,"column":2},"end":{"line":97,"column":47}},"25":{"start":{"line":101,"column":2},"end":{"line":101,"column":34}}},"branchMap":{"1":{"line":22,"type":"if","locations":[{"start":{"line":22,"column":2},"end":{"line":22,"column":2}},{"start":{"line":22,"column":2},"end":{"line":22,"column":2}}]},"2":{"line":27,"type":"if","locations":[{"start":{"line":27,"column":2},"end":{"line":27,"column":2}},{"start":{"line":27,"column":2},"end":{"line":27,"column":2}}]}}},"contracts/dao/GovernorAlpha.sol":{"l":{"132":0,"133":0,"134":0,"138":0,"139":0,"140":0,"141":0,"143":0,"144":0,"145":0,"146":0,"147":0,"150":0,"151":0,"153":0,"154":0,"170":0,"171":0,"173":0,"174":0,"178":0,"179":0,"181":0,"182":0,"183":0,"185":0,"186":0,"190":0,"191":0,"195":0,"196":0,"197":0,"198":0,"199":0,"201":0,"205":0,"206":0,"208":0,"209":0,"211":0,"212":0,"213":0,"216":0,"220":0,"221":0,"225":0,"229":0,"230":0,"231":0,"232":0,"234":0,"236":0,"238":0,"240":0,"242":0,"245":0,"247":0,"252":0,"256":0,"257":0,"258":0,"259":0,"260":0,"261":0,"265":0,"266":0,"267":0,"268":0,"269":0,"271":0,"272":0,"274":0,"277":0,"278":0,"279":0,"281":0,"285":0,"286":0,"290":0,"291":0,"295":0,"296":0,"300":0,"301":0,"305":0,"306":0,"307":0,"311":0,"312":0,"316":0,"318":0,"319":0},"path":"/Users/joeysantoro/Desktop/Ethereum/Fei-Protocol/contracts/dao/GovernorAlpha.sol","s":{"1":0,"2":0,"3":0,"4":0,"5":0,"6":0,"7":0,"8":0,"9":0,"10":0,"11":0,"12":0,"13":0,"14":0,"15":0,"16":0,"17":0,"18":0,"19":0,"20":0,"21":0,"22":0,"23":0,"24":0,"25":0,"26":0,"27":0,"28":0,"29":0,"30":0,"31":0,"32":0,"33":0,"34":0,"35":0,"36":0,"37":0,"38":0,"39":0,"40":0,"41":0,"42":0,"43":0,"44":0,"45":0,"46":0,"47":0,"48":0,"49":0,"50":0,"51":0,"52":0,"53":0,"54":0,"55":0,"56":0,"57":0,"58":0,"59":0,"60":0,"61":0,"62":0,"63":0,"64":0,"65":0,"66":0,"67":0,"68":0,"69":0,"70":0,"71":0,"72":0,"73":0,"74":0,"75":0,"76":0,"77":0,"78":0,"79":0,"80":0,"81":0,"82":0,"83":0,"84":0,"85":0,"86":0,"87":0,"88":0,"89":0,"90":0,"91":0,"92":0,"93":0,"94":0,"95":0,"96":0,"97":0,"98":0,"99":0,"100":0,"101":0},"b":{"1":[0,0],"2":[0,0],"3":[0,0],"4":[0,0],"5":[0,0],"6":[0,0],"7":[0,0],"8":[0,0],"9":[0,0],"10":[0,0],"11":[0,0],"12":[0,0],"13":[0,0],"14":[0,0],"15":[0,0],"16":[0,0],"17":[0,0],"18":[0,0],"19":[0,0],"20":[0,0],"21":[0,0],"22":[0,0],"23":[0,0],"24":[0,0],"25":[0,0],"26":[0,0],"27":[0,0],"28":[0,0],"29":[0,0],"30":[0,0]},"f":{"1":0,"2":0,"3":0,"4":0,"5":0,"6":0,"7":0,"8":0,"9":0,"10":0,"11":0,"12":0,"13":0,"14":0,"15":0,"16":0,"17":0,"18":0,"19":0,"20":0,"21":0,"22":0,"23":0,"24":0},"fnMap":{"1":{"name":"quorumVotes","line":10,"loc":{"start":{"line":10,"column":4},"end":{"line":10,"column":75}}},"2":{"name":"proposalThreshold","line":13,"loc":{"start":{"line":13,"column":4},"end":{"line":13,"column":80}}},"3":{"name":"proposalMaxOperations","line":16,"loc":{"start":{"line":16,"column":4},"end":{"line":16,"column":77}}},"4":{"name":"votingDelay","line":19,"loc":{"start":{"line":19,"column":4},"end":{"line":19,"column":66}}},"5":{"name":"votingPeriod","line":22,"loc":{"start":{"line":22,"column":4},"end":{"line":22,"column":71}}},"6":{"name":"constructor","line":131,"loc":{"start":{"line":131,"column":4},"end":{"line":135,"column":4}}},"7":{"name":"propose","line":137,"loc":{"start":{"line":137,"column":4},"end":{"line":175,"column":4}}},"8":{"name":"queue","line":177,"loc":{"start":{"line":177,"column":4},"end":{"line":187,"column":4}}},"9":{"name":"_queueOrRevert","line":189,"loc":{"start":{"line":189,"column":4},"end":{"line":192,"column":4}}},"10":{"name":"execute","line":194,"loc":{"start":{"line":194,"column":4},"end":{"line":202,"column":4}}},"11":{"name":"cancel","line":204,"loc":{"start":{"line":204,"column":4},"end":{"line":217,"column":4}}},"12":{"name":"getActions","line":219,"loc":{"start":{"line":219,"column":4},"end":{"line":222,"column":4}}},"13":{"name":"getReceipt","line":224,"loc":{"start":{"line":224,"column":4},"end":{"line":226,"column":4}}},"14":{"name":"state","line":228,"loc":{"start":{"line":228,"column":4},"end":{"line":249,"column":4}}},"15":{"name":"castVote","line":251,"loc":{"start":{"line":251,"column":4},"end":{"line":253,"column":4}}},"16":{"name":"castVoteBySig","line":255,"loc":{"start":{"line":255,"column":4},"end":{"line":262,"column":4}}},"17":{"name":"_castVote","line":264,"loc":{"start":{"line":264,"column":4},"end":{"line":282,"column":4}}},"18":{"name":"__acceptAdmin","line":284,"loc":{"start":{"line":284,"column":4},"end":{"line":287,"column":4}}},"19":{"name":"__abdicate","line":289,"loc":{"start":{"line":289,"column":4},"end":{"line":292,"column":4}}},"20":{"name":"__queueSetTimelockPendingAdmin","line":294,"loc":{"start":{"line":294,"column":4},"end":{"line":297,"column":4}}},"21":{"name":"__executeSetTimelockPendingAdmin","line":299,"loc":{"start":{"line":299,"column":4},"end":{"line":302,"column":4}}},"22":{"name":"add256","line":304,"loc":{"start":{"line":304,"column":4},"end":{"line":308,"column":4}}},"23":{"name":"sub256","line":310,"loc":{"start":{"line":310,"column":4},"end":{"line":313,"column":4}}},"24":{"name":"getChainId","line":315,"loc":{"start":{"line":315,"column":4},"end":{"line":320,"column":4}}}},"statementMap":{"1":{"start":{"line":10,"column":56},"end":{"line":10,"column":73}},"2":{"start":{"line":13,"column":62},"end":{"line":13,"column":78}},"3":{"start":{"line":16,"column":66},"end":{"line":16,"column":75}},"4":{"start":{"line":19,"column":56},"end":{"line":19,"column":64}},"5":{"start":{"line":22,"column":57},"end":{"line":22,"column":69}},"6":{"start":{"line":132,"column":8},"end":{"line":132,"column":46}},"7":{"start":{"line":133,"column":8},"end":{"line":133,"column":36}},"8":{"start":{"line":134,"column":8},"end":{"line":134,"column":27}},"9":{"start":{"line":138,"column":8},"end":{"line":138,"column":161}},"10":{"start":{"line":139,"column":8},"end":{"line":139,"column":196}},"11":{"start":{"line":140,"column":8},"end":{"line":140,"column":83}},"12":{"start":{"line":141,"column":8},"end":{"line":141,"column":101}},"13":{"start":{"line":143,"column":8},"end":{"line":143,"column":61}},"14":{"start":{"line":144,"column":8},"end":{"line":144,"column":5970}},"15":{"start":{"line":145,"column":10},"end":{"line":145,"column":78}},"16":{"start":{"line":146,"column":10},"end":{"line":146,"column":162}},"17":{"start":{"line":147,"column":10},"end":{"line":147,"column":164}},"18":{"start":{"line":150,"column":8},"end":{"line":150,"column":61}},"19":{"start":{"line":151,"column":8},"end":{"line":151,"column":58}},"20":{"start":{"line":154,"column":8},"end":{"line":154,"column":6581}},"21":{"start":{"line":170,"column":8},"end":{"line":170,"column":46}},"22":{"start":{"line":171,"column":8},"end":{"line":171,"column":63}},"23":{"start":{"line":173,"column":8},"end":{"line":173,"column":131}},"24":{"start":{"line":174,"column":8},"end":{"line":174,"column":29}},"25":{"start":{"line":178,"column":8},"end":{"line":178,"column":132}},"26":{"start":{"line":179,"column":8},"end":{"line":179,"column":57}},"27":{"start":{"line":181,"column":8},"end":{"line":181,"column":60}},"28":{"start":{"line":182,"column":8},"end":{"line":182,"column":7675}},"29":{"start":{"line":183,"column":12},"end":{"line":183,"column":118}},"30":{"start":{"line":185,"column":8},"end":{"line":185,"column":25}},"31":{"start":{"line":186,"column":8},"end":{"line":186,"column":44}},"32":{"start":{"line":190,"column":8},"end":{"line":190,"column":176}},"33":{"start":{"line":191,"column":8},"end":{"line":191,"column":69}},"34":{"start":{"line":195,"column":8},"end":{"line":195,"column":130}},"35":{"start":{"line":196,"column":8},"end":{"line":196,"column":57}},"36":{"start":{"line":197,"column":8},"end":{"line":197,"column":31}},"37":{"start":{"line":198,"column":8},"end":{"line":198,"column":8608}},"38":{"start":{"line":199,"column":12},"end":{"line":199,"column":64}},"39":{"start":{"line":201,"column":8},"end":{"line":201,"column":41}},"40":{"start":{"line":205,"column":8},"end":{"line":205,"column":47}},"41":{"start":{"line":206,"column":8},"end":{"line":206,"column":105}},"42":{"start":{"line":208,"column":8},"end":{"line":208,"column":57}},"43":{"start":{"line":209,"column":8},"end":{"line":209,"column":178}},"44":{"start":{"line":211,"column":8},"end":{"line":211,"column":31}},"45":{"start":{"line":212,"column":8},"end":{"line":212,"column":9377}},"46":{"start":{"line":213,"column":12},"end":{"line":213,"column":139}},"47":{"start":{"line":216,"column":8},"end":{"line":216,"column":41}},"48":{"start":{"line":220,"column":8},"end":{"line":220,"column":50}},"49":{"start":{"line":221,"column":8},"end":{"line":221,"column":63}},"50":{"start":{"line":225,"column":8},"end":{"line":225,"column":52}},"51":{"start":{"line":229,"column":8},"end":{"line":229,"column":106}},"52":{"start":{"line":230,"column":8},"end":{"line":230,"column":57}},"53":{"start":{"line":231,"column":8},"end":{"line":231,"column":10329}},"54":{"start":{"line":232,"column":12},"end":{"line":232,"column":41}},"55":{"start":{"line":233,"column":15},"end":{"line":233,"column":10412}},"56":{"start":{"line":234,"column":12},"end":{"line":234,"column":40}},"57":{"start":{"line":235,"column":15},"end":{"line":235,"column":10512}},"58":{"start":{"line":236,"column":12},"end":{"line":236,"column":39}},"59":{"start":{"line":237,"column":15},"end":{"line":237,"column":10609}},"60":{"start":{"line":238,"column":12},"end":{"line":238,"column":41}},"61":{"start":{"line":239,"column":15},"end":{"line":239,"column":10754}},"62":{"start":{"line":240,"column":12},"end":{"line":240,"column":42}},"63":{"start":{"line":241,"column":15},"end":{"line":241,"column":10838}},"64":{"start":{"line":242,"column":12},"end":{"line":242,"column":41}},"65":{"start":{"line":244,"column":15},"end":{"line":244,"column":10975}},"66":{"start":{"line":245,"column":12},"end":{"line":245,"column":40}},"67":{"start":{"line":247,"column":12},"end":{"line":247,"column":39}},"68":{"start":{"line":252,"column":8},"end":{"line":252,"column":57}},"69":{"start":{"line":256,"column":8},"end":{"line":256,"column":125}},"70":{"start":{"line":257,"column":8},"end":{"line":257,"column":88}},"71":{"start":{"line":258,"column":8},"end":{"line":258,"column":93}},"72":{"start":{"line":259,"column":8},"end":{"line":259,"column":54}},"73":{"start":{"line":260,"column":8},"end":{"line":260,"column":90}},"74":{"start":{"line":261,"column":8},"end":{"line":261,"column":56}},"75":{"start":{"line":265,"column":8},"end":{"line":265,"column":103}},"76":{"start":{"line":266,"column":8},"end":{"line":266,"column":57}},"77":{"start":{"line":267,"column":8},"end":{"line":267,"column":58}},"78":{"start":{"line":268,"column":8},"end":{"line":268,"column":90}},"79":{"start":{"line":269,"column":8},"end":{"line":269,"column":70}},"80":{"start":{"line":271,"column":8},"end":{"line":271,"column":12395}},"81":{"start":{"line":272,"column":12},"end":{"line":272,"column":63}},"82":{"start":{"line":274,"column":12},"end":{"line":274,"column":71}},"83":{"start":{"line":277,"column":8},"end":{"line":277,"column":30}},"84":{"start":{"line":278,"column":8},"end":{"line":278,"column":32}},"85":{"start":{"line":279,"column":8},"end":{"line":279,"column":28}},"86":{"start":{"line":281,"column":8},"end":{"line":281,"column":56}},"87":{"start":{"line":285,"column":8},"end":{"line":285,"column":99}},"88":{"start":{"line":286,"column":8},"end":{"line":286,"column":29}},"89":{"start":{"line":290,"column":8},"end":{"line":290,"column":96}},"90":{"start":{"line":291,"column":8},"end":{"line":291,"column":28}},"91":{"start":{"line":295,"column":8},"end":{"line":295,"column":116}},"92":{"start":{"line":296,"column":8},"end":{"line":296,"column":116}},"93":{"start":{"line":300,"column":8},"end":{"line":300,"column":118}},"94":{"start":{"line":301,"column":8},"end":{"line":301,"column":118}},"95":{"start":{"line":305,"column":8},"end":{"line":305,"column":22}},"96":{"start":{"line":306,"column":8},"end":{"line":306,"column":43}},"97":{"start":{"line":307,"column":8},"end":{"line":307,"column":16}},"98":{"start":{"line":311,"column":8},"end":{"line":311,"column":47}},"99":{"start":{"line":312,"column":8},"end":{"line":312,"column":20}},"100":{"start":{"line":316,"column":8},"end":{"line":316,"column":20}},"101":{"start":{"line":319,"column":8},"end":{"line":319,"column":22}}},"branchMap":{"1":{"line":138,"type":"if","locations":[{"start":{"line":138,"column":8},"end":{"line":138,"column":8}},{"start":{"line":138,"column":8},"end":{"line":138,"column":8}}]},"2":{"line":139,"type":"if","locations":[{"start":{"line":139,"column":8},"end":{"line":139,"column":8}},{"start":{"line":139,"column":8},"end":{"line":139,"column":8}}]},"3":{"line":140,"type":"if","locations":[{"start":{"line":140,"column":8},"end":{"line":140,"column":8}},{"start":{"line":140,"column":8},"end":{"line":140,"column":8}}]},"4":{"line":141,"type":"if","locations":[{"start":{"line":141,"column":8},"end":{"line":141,"column":8}},{"start":{"line":141,"column":8},"end":{"line":141,"column":8}}]},"5":{"line":144,"type":"if","locations":[{"start":{"line":144,"column":8},"end":{"line":144,"column":8}},{"start":{"line":144,"column":8},"end":{"line":144,"column":8}}]},"6":{"line":146,"type":"if","locations":[{"start":{"line":146,"column":10},"end":{"line":146,"column":10}},{"start":{"line":146,"column":10},"end":{"line":146,"column":10}}]},"7":{"line":147,"type":"if","locations":[{"start":{"line":147,"column":10},"end":{"line":147,"column":10}},{"start":{"line":147,"column":10},"end":{"line":147,"column":10}}]},"8":{"line":178,"type":"if","locations":[{"start":{"line":178,"column":8},"end":{"line":178,"column":8}},{"start":{"line":178,"column":8},"end":{"line":178,"column":8}}]},"9":{"line":190,"type":"if","locations":[{"start":{"line":190,"column":8},"end":{"line":190,"column":8}},{"start":{"line":190,"column":8},"end":{"line":190,"column":8}}]},"10":{"line":195,"type":"if","locations":[{"start":{"line":195,"column":8},"end":{"line":195,"column":8}},{"start":{"line":195,"column":8},"end":{"line":195,"column":8}}]},"11":{"line":206,"type":"if","locations":[{"start":{"line":206,"column":8},"end":{"line":206,"column":8}},{"start":{"line":206,"column":8},"end":{"line":206,"column":8}}]},"12":{"line":209,"type":"if","locations":[{"start":{"line":209,"column":8},"end":{"line":209,"column":8}},{"start":{"line":209,"column":8},"end":{"line":209,"column":8}}]},"13":{"line":229,"type":"if","locations":[{"start":{"line":229,"column":8},"end":{"line":229,"column":8}},{"start":{"line":229,"column":8},"end":{"line":229,"column":8}}]},"14":{"line":231,"type":"if","locations":[{"start":{"line":231,"column":8},"end":{"line":231,"column":8}},{"start":{"line":231,"column":8},"end":{"line":231,"column":8}}]},"15":{"line":233,"type":"if","locations":[{"start":{"line":233,"column":15},"end":{"line":233,"column":15}},{"start":{"line":233,"column":15},"end":{"line":233,"column":15}}]},"16":{"line":235,"type":"if","locations":[{"start":{"line":235,"column":15},"end":{"line":235,"column":15}},{"start":{"line":235,"column":15},"end":{"line":235,"column":15}}]},"17":{"line":237,"type":"if","locations":[{"start":{"line":237,"column":15},"end":{"line":237,"column":15}},{"start":{"line":237,"column":15},"end":{"line":237,"column":15}}]},"18":{"line":239,"type":"if","locations":[{"start":{"line":239,"column":15},"end":{"line":239,"column":15}},{"start":{"line":239,"column":15},"end":{"line":239,"column":15}}]},"19":{"line":241,"type":"if","locations":[{"start":{"line":241,"column":15},"end":{"line":241,"column":15}},{"start":{"line":241,"column":15},"end":{"line":241,"column":15}}]},"20":{"line":244,"type":"if","locations":[{"start":{"line":244,"column":15},"end":{"line":244,"column":15}},{"start":{"line":244,"column":15},"end":{"line":244,"column":15}}]},"21":{"line":260,"type":"if","locations":[{"start":{"line":260,"column":8},"end":{"line":260,"column":8}},{"start":{"line":260,"column":8},"end":{"line":260,"column":8}}]},"22":{"line":265,"type":"if","locations":[{"start":{"line":265,"column":8},"end":{"line":265,"column":8}},{"start":{"line":265,"column":8},"end":{"line":265,"column":8}}]},"23":{"line":268,"type":"if","locations":[{"start":{"line":268,"column":8},"end":{"line":268,"column":8}},{"start":{"line":268,"column":8},"end":{"line":268,"column":8}}]},"24":{"line":271,"type":"if","locations":[{"start":{"line":271,"column":8},"end":{"line":271,"column":8}},{"start":{"line":271,"column":8},"end":{"line":271,"column":8}}]},"25":{"line":285,"type":"if","locations":[{"start":{"line":285,"column":8},"end":{"line":285,"column":8}},{"start":{"line":285,"column":8},"end":{"line":285,"column":8}}]},"26":{"line":290,"type":"if","locations":[{"start":{"line":290,"column":8},"end":{"line":290,"column":8}},{"start":{"line":290,"column":8},"end":{"line":290,"column":8}}]},"27":{"line":295,"type":"if","locations":[{"start":{"line":295,"column":8},"end":{"line":295,"column":8}},{"start":{"line":295,"column":8},"end":{"line":295,"column":8}}]},"28":{"line":300,"type":"if","locations":[{"start":{"line":300,"column":8},"end":{"line":300,"column":8}},{"start":{"line":300,"column":8},"end":{"line":300,"column":8}}]},"29":{"line":306,"type":"if","locations":[{"start":{"line":306,"column":8},"end":{"line":306,"column":8}},{"start":{"line":306,"column":8},"end":{"line":306,"column":8}}]},"30":{"line":311,"type":"if","locations":[{"start":{"line":311,"column":8},"end":{"line":311,"column":8}},{"start":{"line":311,"column":8},"end":{"line":311,"column":8}}]}}},"contracts/dao/Timelock.sol":{"l":{"27":0,"28":0,"30":0,"31":0,"37":0,"38":0,"39":0,"40":0,"42":0,"46":0,"47":0,"48":0,"50":0,"54":0,"55":0,"57":0,"61":0,"62":0,"64":0,"65":0,"67":0,"68":0,"72":0,"74":0,"75":0,"77":0,"81":0,"83":0,"84":0,"85":0,"86":0,"88":0,"90":0,"92":0,"93":0,"95":0,"99":0,"100":0,"102":0,"104":0,"109":0},"path":"/Users/joeysantoro/Desktop/Ethereum/Fei-Protocol/contracts/dao/Timelock.sol","s":{"1":0,"2":0,"3":0,"4":0,"5":0,"6":0,"7":0,"8":0,"9":0,"10":0,"11":0,"12":0,"13":0,"14":0,"15":0,"16":0,"17":0,"18":0,"19":0,"20":0,"21":0,"22":0,"23":0,"24":0,"25":0,"26":0,"27":0,"28":0,"29":0,"30":0,"31":0,"32":0,"33":0,"34":0,"35":0,"36":0,"37":0,"38":0,"39":0,"40":0,"41":0},"b":{"1":[0,0],"2":[0,0],"3":[0,0],"4":[0,0],"5":[0,0],"6":[0,0],"7":[0,0],"8":[0,0],"9":[0,0],"10":[0,0],"11":[0,0],"12":[0,0],"13":[0,0],"14":[0,0],"15":[0,0],"16":[0,0]},"f":{"1":0,"2":0,"3":0,"4":0,"5":0,"6":0,"7":0,"8":0},"fnMap":{"1":{"name":"constructor","line":26,"loc":{"start":{"line":26,"column":4},"end":{"line":32,"column":4}}},"2":{"name":"setDelay","line":36,"loc":{"start":{"line":36,"column":4},"end":{"line":43,"column":4}}},"3":{"name":"acceptAdmin","line":45,"loc":{"start":{"line":45,"column":4},"end":{"line":51,"column":4}}},"4":{"name":"setPendingAdmin","line":53,"loc":{"start":{"line":53,"column":4},"end":{"line":58,"column":4}}},"5":{"name":"queueTransaction","line":60,"loc":{"start":{"line":60,"column":4},"end":{"line":69,"column":4}}},"6":{"name":"cancelTransaction","line":71,"loc":{"start":{"line":71,"column":4},"end":{"line":78,"column":4}}},"7":{"name":"executeTransaction","line":80,"loc":{"start":{"line":80,"column":4},"end":{"line":105,"column":4}}},"8":{"name":"getBlockTimestamp","line":107,"loc":{"start":{"line":107,"column":4},"end":{"line":110,"column":4}}}},"statementMap":{"1":{"start":{"line":27,"column":8},"end":{"line":27,"column":98}},"2":{"start":{"line":28,"column":8},"end":{"line":28,"column":99}},"3":{"start":{"line":30,"column":8},"end":{"line":30,"column":21}},"4":{"start":{"line":31,"column":8},"end":{"line":31,"column":21}},"5":{"start":{"line":37,"column":8},"end":{"line":37,"column":96}},"6":{"start":{"line":38,"column":8},"end":{"line":38,"column":95}},"7":{"start":{"line":39,"column":8},"end":{"line":39,"column":99}},"8":{"start":{"line":40,"column":8},"end":{"line":40,"column":21}},"9":{"start":{"line":42,"column":8},"end":{"line":42,"column":28}},"10":{"start":{"line":46,"column":8},"end":{"line":46,"column":102}},"11":{"start":{"line":47,"column":8},"end":{"line":47,"column":25}},"12":{"start":{"line":48,"column":8},"end":{"line":48,"column":32}},"13":{"start":{"line":50,"column":8},"end":{"line":50,"column":28}},"14":{"start":{"line":54,"column":8},"end":{"line":54,"column":103}},"15":{"start":{"line":55,"column":8},"end":{"line":55,"column":35}},"16":{"start":{"line":57,"column":8},"end":{"line":57,"column":42}},"17":{"start":{"line":61,"column":8},"end":{"line":61,"column":93}},"18":{"start":{"line":62,"column":8},"end":{"line":62,"column":130}},"19":{"start":{"line":64,"column":8},"end":{"line":64,"column":83}},"20":{"start":{"line":65,"column":8},"end":{"line":65,"column":40}},"21":{"start":{"line":67,"column":8},"end":{"line":67,"column":74}},"22":{"start":{"line":68,"column":8},"end":{"line":68,"column":21}},"23":{"start":{"line":72,"column":8},"end":{"line":72,"column":94}},"24":{"start":{"line":74,"column":8},"end":{"line":74,"column":83}},"25":{"start":{"line":75,"column":8},"end":{"line":75,"column":41}},"26":{"start":{"line":77,"column":8},"end":{"line":77,"column":75}},"27":{"start":{"line":81,"column":8},"end":{"line":81,"column":95}},"28":{"start":{"line":83,"column":8},"end":{"line":83,"column":83}},"29":{"start":{"line":84,"column":8},"end":{"line":84,"column":107}},"30":{"start":{"line":85,"column":8},"end":{"line":85,"column":115}},"31":{"start":{"line":86,"column":8},"end":{"line":86,"column":115}},"32":{"start":{"line":88,"column":8},"end":{"line":88,"column":41}},"33":{"start":{"line":90,"column":8},"end":{"line":90,"column":29}},"34":{"start":{"line":92,"column":8},"end":{"line":92,"column":4028}},"35":{"start":{"line":93,"column":12},"end":{"line":93,"column":26}},"36":{"start":{"line":95,"column":12},"end":{"line":95,"column":81}},"37":{"start":{"line":99,"column":8},"end":{"line":99,"column":84}},"38":{"start":{"line":100,"column":8},"end":{"line":100,"column":88}},"39":{"start":{"line":102,"column":8},"end":{"line":102,"column":76}},"40":{"start":{"line":104,"column":8},"end":{"line":104,"column":25}},"41":{"start":{"line":109,"column":8},"end":{"line":109,"column":30}}},"branchMap":{"1":{"line":27,"type":"if","locations":[{"start":{"line":27,"column":8},"end":{"line":27,"column":8}},{"start":{"line":27,"column":8},"end":{"line":27,"column":8}}]},"2":{"line":28,"type":"if","locations":[{"start":{"line":28,"column":8},"end":{"line":28,"column":8}},{"start":{"line":28,"column":8},"end":{"line":28,"column":8}}]},"3":{"line":37,"type":"if","locations":[{"start":{"line":37,"column":8},"end":{"line":37,"column":8}},{"start":{"line":37,"column":8},"end":{"line":37,"column":8}}]},"4":{"line":38,"type":"if","locations":[{"start":{"line":38,"column":8},"end":{"line":38,"column":8}},{"start":{"line":38,"column":8},"end":{"line":38,"column":8}}]},"5":{"line":39,"type":"if","locations":[{"start":{"line":39,"column":8},"end":{"line":39,"column":8}},{"start":{"line":39,"column":8},"end":{"line":39,"column":8}}]},"6":{"line":46,"type":"if","locations":[{"start":{"line":46,"column":8},"end":{"line":46,"column":8}},{"start":{"line":46,"column":8},"end":{"line":46,"column":8}}]},"7":{"line":54,"type":"if","locations":[{"start":{"line":54,"column":8},"end":{"line":54,"column":8}},{"start":{"line":54,"column":8},"end":{"line":54,"column":8}}]},"8":{"line":61,"type":"if","locations":[{"start":{"line":61,"column":8},"end":{"line":61,"column":8}},{"start":{"line":61,"column":8},"end":{"line":61,"column":8}}]},"9":{"line":62,"type":"if","locations":[{"start":{"line":62,"column":8},"end":{"line":62,"column":8}},{"start":{"line":62,"column":8},"end":{"line":62,"column":8}}]},"10":{"line":72,"type":"if","locations":[{"start":{"line":72,"column":8},"end":{"line":72,"column":8}},{"start":{"line":72,"column":8},"end":{"line":72,"column":8}}]},"11":{"line":81,"type":"if","locations":[{"start":{"line":81,"column":8},"end":{"line":81,"column":8}},{"start":{"line":81,"column":8},"end":{"line":81,"column":8}}]},"12":{"line":84,"type":"if","locations":[{"start":{"line":84,"column":8},"end":{"line":84,"column":8}},{"start":{"line":84,"column":8},"end":{"line":84,"column":8}}]},"13":{"line":85,"type":"if","locations":[{"start":{"line":85,"column":8},"end":{"line":85,"column":8}},{"start":{"line":85,"column":8},"end":{"line":85,"column":8}}]},"14":{"line":86,"type":"if","locations":[{"start":{"line":86,"column":8},"end":{"line":86,"column":8}},{"start":{"line":86,"column":8},"end":{"line":86,"column":8}}]},"15":{"line":92,"type":"if","locations":[{"start":{"line":92,"column":8},"end":{"line":92,"column":8}},{"start":{"line":92,"column":8},"end":{"line":92,"column":8}}]},"16":{"line":100,"type":"if","locations":[{"start":{"line":100,"column":8},"end":{"line":100,"column":8}},{"start":{"line":100,"column":8},"end":{"line":100,"column":8}}]}}},"contracts/dao/Tribe.sol":{"l":{"71":16,"72":16,"82":0,"94":0,"95":0,"96":0,"98":0,"101":0,"103":0,"104":0,"113":0,"123":0,"124":0,"125":0,"136":0,"137":0,"138":0,"140":0,"141":0,"142":0,"144":0,"147":0,"148":0,"156":0,"169":0,"170":0,"171":0,"172":0,"173":0,"174":0,"176":0,"177":0,"186":0,"187":0,"198":0,"200":0,"201":0,"202":0,"206":0,"207":0,"211":0,"212":0,"215":0,"216":0,"217":0,"218":0,"219":0,"220":0,"221":0,"223":0,"225":0,"228":0,"232":0,"233":0,"234":0,"236":0,"238":0,"242":0,"243":0,"245":0,"246":0,"247":0,"249":0,"253":0,"254":0,"255":0,"256":0,"257":0,"258":0,"261":0,"262":0,"263":0,"264":0,"265":0,"271":0,"273":0,"274":0,"276":0,"277":0,"280":0,"284":0,"285":0,"289":0,"290":0,"294":0,"295":0,"296":0,"300":0,"301":0,"305":0,"307":0,"308":0},"path":"/Users/joeysantoro/Desktop/Ethereum/Fei-Protocol/contracts/dao/Tribe.sol","s":{"1":16,"2":16,"3":0,"4":0,"5":0,"6":0,"7":0,"8":0,"9":0,"10":0,"11":0,"12":0,"13":0,"14":0,"15":0,"16":0,"17":0,"18":0,"19":0,"20":0,"21":0,"22":0,"23":0,"24":0,"25":0,"26":0,"27":0,"28":0,"29":0,"30":0,"31":0,"32":0,"33":0,"34":0,"35":0,"36":0,"37":0,"38":0,"39":0,"40":0,"41":0,"42":0,"43":0,"44":0,"45":0,"46":0,"47":0,"48":0,"49":0,"50":0,"51":0,"52":0,"53":0,"54":0,"55":0,"56":0,"57":0,"58":0,"59":0,"60":0,"61":0,"62":0,"63":0,"64":0,"65":0,"66":0,"67":0,"68":0,"69":0,"70":0,"71":0,"72":0,"73":0,"74":0,"75":0,"76":0,"77":0,"78":0,"79":0,"80":0,"81":0,"82":0,"83":0,"84":0,"85":0,"86":0,"87":0,"88":0,"89":0,"90":0,"91":0,"92":0},"b":{"1":[0,0],"2":[0,0],"3":[0,0],"4":[0,0],"5":[0,0],"6":[0,0],"7":[0,0],"8":[0,0],"9":[0,0],"10":[0,0],"11":[0,0],"12":[0,0],"13":[0,0],"14":[0,0],"15":[0,0],"16":[0,0],"17":[0,0],"18":[0,0],"19":[0,0],"20":[0,0],"21":[0,0]},"f":{"1":16,"2":0,"3":0,"4":0,"5":0,"6":0,"7":0,"8":0,"9":0,"10":0,"11":0,"12":0,"13":0,"14":0,"15":0,"16":0,"17":0,"18":0,"19":0},"fnMap":{"1":{"name":"constructor","line":70,"loc":{"start":{"line":70,"column":4},"end":{"line":73,"column":4}}},"2":{"name":"allowance","line":81,"loc":{"start":{"line":81,"column":4},"end":{"line":83,"column":4}}},"3":{"name":"approve","line":93,"loc":{"start":{"line":93,"column":4},"end":{"line":105,"column":4}}},"4":{"name":"balanceOf","line":112,"loc":{"start":{"line":112,"column":4},"end":{"line":114,"column":4}}},"5":{"name":"transfer","line":122,"loc":{"start":{"line":122,"column":4},"end":{"line":126,"column":4}}},"6":{"name":"transferFrom","line":135,"loc":{"start":{"line":135,"column":4},"end":{"line":149,"column":4}}},"7":{"name":"delegate","line":155,"loc":{"start":{"line":155,"column":4},"end":{"line":157,"column":4}}},"8":{"name":"delegateBySig","line":168,"loc":{"start":{"line":168,"column":4},"end":{"line":178,"column":4}}},"9":{"name":"getCurrentVotes","line":185,"loc":{"start":{"line":185,"column":4},"end":{"line":188,"column":4}}},"10":{"name":"getPriorVotes","line":197,"loc":{"start":{"line":197,"column":4},"end":{"line":229,"column":4}}},"11":{"name":"_delegate","line":231,"loc":{"start":{"line":231,"column":4},"end":{"line":239,"column":4}}},"12":{"name":"_transferTokens","line":241,"loc":{"start":{"line":241,"column":4},"end":{"line":250,"column":4}}},"13":{"name":"_moveDelegates","line":252,"loc":{"start":{"line":252,"column":4},"end":{"line":268,"column":4}}},"14":{"name":"_writeCheckpoint","line":270,"loc":{"start":{"line":270,"column":4},"end":{"line":281,"column":4}}},"15":{"name":"safe32","line":283,"loc":{"start":{"line":283,"column":4},"end":{"line":286,"column":4}}},"16":{"name":"safe96","line":288,"loc":{"start":{"line":288,"column":4},"end":{"line":291,"column":4}}},"17":{"name":"add96","line":293,"loc":{"start":{"line":293,"column":4},"end":{"line":297,"column":4}}},"18":{"name":"sub96","line":299,"loc":{"start":{"line":299,"column":4},"end":{"line":302,"column":4}}},"19":{"name":"getChainId","line":304,"loc":{"start":{"line":304,"column":4},"end":{"line":309,"column":4}}}},"statementMap":{"1":{"start":{"line":71,"column":8},"end":{"line":71,"column":46}},"2":{"start":{"line":72,"column":8},"end":{"line":72,"column":55}},"3":{"start":{"line":82,"column":8},"end":{"line":82,"column":43}},"4":{"start":{"line":94,"column":8},"end":{"line":94,"column":21}},"5":{"start":{"line":95,"column":8},"end":{"line":95,"column":4079}},"6":{"start":{"line":96,"column":12},"end":{"line":96,"column":30}},"7":{"start":{"line":98,"column":12},"end":{"line":98,"column":79}},"8":{"start":{"line":101,"column":8},"end":{"line":101,"column":47}},"9":{"start":{"line":103,"column":8},"end":{"line":103,"column":50}},"10":{"start":{"line":104,"column":8},"end":{"line":104,"column":19}},"11":{"start":{"line":113,"column":8},"end":{"line":113,"column":32}},"12":{"start":{"line":123,"column":8},"end":{"line":123,"column":84}},"13":{"start":{"line":124,"column":8},"end":{"line":124,"column":47}},"14":{"start":{"line":125,"column":8},"end":{"line":125,"column":19}},"15":{"start":{"line":136,"column":8},"end":{"line":136,"column":36}},"16":{"start":{"line":137,"column":8},"end":{"line":137,"column":58}},"17":{"start":{"line":138,"column":8},"end":{"line":138,"column":83}},"18":{"start":{"line":140,"column":8},"end":{"line":140,"column":5756}},"19":{"start":{"line":141,"column":12},"end":{"line":141,"column":131}},"20":{"start":{"line":142,"column":12},"end":{"line":142,"column":50}},"21":{"start":{"line":144,"column":12},"end":{"line":144,"column":53}},"22":{"start":{"line":147,"column":8},"end":{"line":147,"column":40}},"23":{"start":{"line":148,"column":8},"end":{"line":148,"column":19}},"24":{"start":{"line":156,"column":8},"end":{"line":156,"column":47}},"25":{"start":{"line":169,"column":8},"end":{"line":169,"column":125}},"26":{"start":{"line":170,"column":8},"end":{"line":170,"column":97}},"27":{"start":{"line":171,"column":8},"end":{"line":171,"column":93}},"28":{"start":{"line":172,"column":8},"end":{"line":172,"column":54}},"29":{"start":{"line":173,"column":8},"end":{"line":173,"column":82}},"30":{"start":{"line":174,"column":8},"end":{"line":174,"column":83}},"31":{"start":{"line":176,"column":8},"end":{"line":176,"column":72}},"32":{"start":{"line":177,"column":8},"end":{"line":177,"column":46}},"33":{"start":{"line":186,"column":8},"end":{"line":186,"column":53}},"34":{"start":{"line":187,"column":8},"end":{"line":187,"column":82}},"35":{"start":{"line":198,"column":8},"end":{"line":198,"column":86}},"36":{"start":{"line":200,"column":8},"end":{"line":200,"column":53}},"37":{"start":{"line":201,"column":8},"end":{"line":201,"column":8713}},"38":{"start":{"line":202,"column":12},"end":{"line":202,"column":20}},"39":{"start":{"line":206,"column":8},"end":{"line":206,"column":8822}},"40":{"start":{"line":207,"column":12},"end":{"line":207,"column":63}},"41":{"start":{"line":211,"column":8},"end":{"line":211,"column":9021}},"42":{"start":{"line":212,"column":12},"end":{"line":212,"column":20}},"43":{"start":{"line":215,"column":8},"end":{"line":215,"column":24}},"44":{"start":{"line":216,"column":8},"end":{"line":216,"column":39}},"45":{"start":{"line":217,"column":8},"end":{"line":217,"column":9184}},"46":{"start":{"line":218,"column":12},"end":{"line":218,"column":55}},"47":{"start":{"line":219,"column":12},"end":{"line":219,"column":63}},"48":{"start":{"line":220,"column":12},"end":{"line":220,"column":9373}},"49":{"start":{"line":221,"column":16},"end":{"line":221,"column":31}},"50":{"start":{"line":222,"column":19},"end":{"line":222,"column":9460}},"51":{"start":{"line":223,"column":16},"end":{"line":223,"column":29}},"52":{"start":{"line":225,"column":16},"end":{"line":225,"column":33}},"53":{"start":{"line":228,"column":8},"end":{"line":228,"column":48}},"54":{"start":{"line":232,"column":8},"end":{"line":232,"column":54}},"55":{"start":{"line":233,"column":8},"end":{"line":233,"column":53}},"56":{"start":{"line":234,"column":8},"end":{"line":234,"column":39}},"57":{"start":{"line":236,"column":8},"end":{"line":236,"column":67}},"58":{"start":{"line":238,"column":8},"end":{"line":238,"column":67}},"59":{"start":{"line":242,"column":8},"end":{"line":242,"column":98}},"60":{"start":{"line":243,"column":8},"end":{"line":243,"column":96}},"61":{"start":{"line":245,"column":8},"end":{"line":245,"column":110}},"62":{"start":{"line":246,"column":8},"end":{"line":246,"column":104}},"63":{"start":{"line":247,"column":8},"end":{"line":247,"column":39}},"64":{"start":{"line":249,"column":8},"end":{"line":249,"column":61}},"65":{"start":{"line":253,"column":8},"end":{"line":253,"column":10742}},"66":{"start":{"line":254,"column":12},"end":{"line":254,"column":10796}},"67":{"start":{"line":255,"column":16},"end":{"line":255,"column":57}},"68":{"start":{"line":256,"column":16},"end":{"line":256,"column":95}},"69":{"start":{"line":257,"column":16},"end":{"line":257,"column":104}},"70":{"start":{"line":258,"column":16},"end":{"line":258,"column":72}},"71":{"start":{"line":261,"column":12},"end":{"line":261,"column":11188}},"72":{"start":{"line":262,"column":16},"end":{"line":262,"column":57}},"73":{"start":{"line":263,"column":16},"end":{"line":263,"column":95}},"74":{"start":{"line":264,"column":16},"end":{"line":264,"column":103}},"75":{"start":{"line":265,"column":16},"end":{"line":265,"column":72}},"76":{"start":{"line":271,"column":6},"end":{"line":271,"column":104}},"77":{"start":{"line":273,"column":6},"end":{"line":273,"column":11805}},"78":{"start":{"line":274,"column":10},"end":{"line":274,"column":66}},"79":{"start":{"line":276,"column":10},"end":{"line":276,"column":81}},"80":{"start":{"line":277,"column":10},"end":{"line":277,"column":53}},"81":{"start":{"line":280,"column":6},"end":{"line":280,"column":62}},"82":{"start":{"line":284,"column":8},"end":{"line":284,"column":39}},"83":{"start":{"line":285,"column":8},"end":{"line":285,"column":24}},"84":{"start":{"line":289,"column":8},"end":{"line":289,"column":39}},"85":{"start":{"line":290,"column":8},"end":{"line":290,"column":24}},"86":{"start":{"line":294,"column":8},"end":{"line":294,"column":24}},"87":{"start":{"line":295,"column":8},"end":{"line":295,"column":36}},"88":{"start":{"line":296,"column":8},"end":{"line":296,"column":16}},"89":{"start":{"line":300,"column":8},"end":{"line":300,"column":36}},"90":{"start":{"line":301,"column":8},"end":{"line":301,"column":20}},"91":{"start":{"line":305,"column":8},"end":{"line":305,"column":23}},"92":{"start":{"line":308,"column":8},"end":{"line":308,"column":22}}},"branchMap":{"1":{"line":95,"type":"if","locations":[{"start":{"line":95,"column":8},"end":{"line":95,"column":8}},{"start":{"line":95,"column":8},"end":{"line":95,"column":8}}]},"2":{"line":140,"type":"if","locations":[{"start":{"line":140,"column":8},"end":{"line":140,"column":8}},{"start":{"line":140,"column":8},"end":{"line":140,"column":8}}]},"3":{"line":173,"type":"if","locations":[{"start":{"line":173,"column":8},"end":{"line":173,"column":8}},{"start":{"line":173,"column":8},"end":{"line":173,"column":8}}]},"4":{"line":174,"type":"if","locations":[{"start":{"line":174,"column":8},"end":{"line":174,"column":8}},{"start":{"line":174,"column":8},"end":{"line":174,"column":8}}]},"5":{"line":176,"type":"if","locations":[{"start":{"line":176,"column":8},"end":{"line":176,"column":8}},{"start":{"line":176,"column":8},"end":{"line":176,"column":8}}]},"6":{"line":198,"type":"if","locations":[{"start":{"line":198,"column":8},"end":{"line":198,"column":8}},{"start":{"line":198,"column":8},"end":{"line":198,"column":8}}]},"7":{"line":201,"type":"if","locations":[{"start":{"line":201,"column":8},"end":{"line":201,"column":8}},{"start":{"line":201,"column":8},"end":{"line":201,"column":8}}]},"8":{"line":206,"type":"if","locations":[{"start":{"line":206,"column":8},"end":{"line":206,"column":8}},{"start":{"line":206,"column":8},"end":{"line":206,"column":8}}]},"9":{"line":211,"type":"if","locations":[{"start":{"line":211,"column":8},"end":{"line":211,"column":8}},{"start":{"line":211,"column":8},"end":{"line":211,"column":8}}]},"10":{"line":220,"type":"if","locations":[{"start":{"line":220,"column":12},"end":{"line":220,"column":12}},{"start":{"line":220,"column":12},"end":{"line":220,"column":12}}]},"11":{"line":222,"type":"if","locations":[{"start":{"line":222,"column":19},"end":{"line":222,"column":19}},{"start":{"line":222,"column":19},"end":{"line":222,"column":19}}]},"12":{"line":242,"type":"if","locations":[{"start":{"line":242,"column":8},"end":{"line":242,"column":8}},{"start":{"line":242,"column":8},"end":{"line":242,"column":8}}]},"13":{"line":243,"type":"if","locations":[{"start":{"line":243,"column":8},"end":{"line":243,"column":8}},{"start":{"line":243,"column":8},"end":{"line":243,"column":8}}]},"14":{"line":253,"type":"if","locations":[{"start":{"line":253,"column":8},"end":{"line":253,"column":8}},{"start":{"line":253,"column":8},"end":{"line":253,"column":8}}]},"15":{"line":254,"type":"if","locations":[{"start":{"line":254,"column":12},"end":{"line":254,"column":12}},{"start":{"line":254,"column":12},"end":{"line":254,"column":12}}]},"16":{"line":261,"type":"if","locations":[{"start":{"line":261,"column":12},"end":{"line":261,"column":12}},{"start":{"line":261,"column":12},"end":{"line":261,"column":12}}]},"17":{"line":273,"type":"if","locations":[{"start":{"line":273,"column":6},"end":{"line":273,"column":6}},{"start":{"line":273,"column":6},"end":{"line":273,"column":6}}]},"18":{"line":284,"type":"if","locations":[{"start":{"line":284,"column":8},"end":{"line":284,"column":8}},{"start":{"line":284,"column":8},"end":{"line":284,"column":8}}]},"19":{"line":289,"type":"if","locations":[{"start":{"line":289,"column":8},"end":{"line":289,"column":8}},{"start":{"line":289,"column":8},"end":{"line":289,"column":8}}]},"20":{"line":295,"type":"if","locations":[{"start":{"line":295,"column":8},"end":{"line":295,"column":8}},{"start":{"line":295,"column":8},"end":{"line":295,"column":8}}]},"21":{"line":300,"type":"if","locations":[{"start":{"line":300,"column":8},"end":{"line":300,"column":8}},{"start":{"line":300,"column":8},"end":{"line":300,"column":8}}]}}},"contracts/external/Decimal.sol":{"l":{"47":0,"55":0,"65":0,"76":0,"89":0,"100":0,"112":0,"123":0,"134":0,"145":0,"146":0,"149":0,"150":0,"151":0,"154":0,"165":0,"176":0,"188":0,"199":0,"210":0,"214":0,"218":0,"222":0,"226":0,"230":0,"234":0,"238":0,"252":0,"263":0,"264":0,"266":0},"path":"/Users/joeysantoro/Desktop/Ethereum/Fei-Protocol/contracts/external/Decimal.sol","s":{"1":0,"2":0,"3":0,"4":0,"5":0,"6":0,"7":0,"8":0,"9":0,"10":0,"11":0,"12":0,"13":0,"14":0,"15":0,"16":0,"17":0,"18":0,"19":0,"20":0,"21":0,"22":0,"23":0,"24":0,"25":0,"26":0,"27":0,"28":0,"29":0,"30":0,"31":0},"b":{"1":[0,0],"2":[0,0]},"f":{"1":0,"2":0,"3":0,"4":0,"5":0,"6":0,"7":0,"8":0,"9":0,"10":0,"11":0,"12":0,"13":0,"14":0,"15":0,"16":0,"17":0,"18":0,"19":0,"20":0,"21":0,"22":0,"23":0,"24":0},"fnMap":{"1":{"name":"zero","line":42,"loc":{"start":{"line":42,"column":4},"end":{"line":48,"column":4}}},"2":{"name":"one","line":50,"loc":{"start":{"line":50,"column":4},"end":{"line":56,"column":4}}},"3":{"name":"from","line":58,"loc":{"start":{"line":58,"column":4},"end":{"line":66,"column":4}}},"4":{"name":"ratio","line":68,"loc":{"start":{"line":68,"column":4},"end":{"line":77,"column":4}}},"5":{"name":"add","line":81,"loc":{"start":{"line":81,"column":4},"end":{"line":90,"column":4}}},"6":{"name":"sub","line":92,"loc":{"start":{"line":92,"column":4},"end":{"line":101,"column":4}}},"7":{"name":"sub","line":103,"loc":{"start":{"line":103,"column":4},"end":{"line":113,"column":4}}},"8":{"name":"mul","line":115,"loc":{"start":{"line":115,"column":4},"end":{"line":124,"column":4}}},"9":{"name":"div","line":126,"loc":{"start":{"line":126,"column":4},"end":{"line":135,"column":4}}},"10":{"name":"pow","line":137,"loc":{"start":{"line":137,"column":4},"end":{"line":155,"column":4}}},"11":{"name":"add","line":157,"loc":{"start":{"line":157,"column":4},"end":{"line":166,"column":4}}},"12":{"name":"sub","line":168,"loc":{"start":{"line":168,"column":4},"end":{"line":177,"column":4}}},"13":{"name":"sub","line":179,"loc":{"start":{"line":179,"column":4},"end":{"line":189,"column":4}}},"14":{"name":"mul","line":191,"loc":{"start":{"line":191,"column":4},"end":{"line":200,"column":4}}},"15":{"name":"div","line":202,"loc":{"start":{"line":202,"column":4},"end":{"line":211,"column":4}}},"16":{"name":"equals","line":213,"loc":{"start":{"line":213,"column":4},"end":{"line":215,"column":4}}},"17":{"name":"greaterThan","line":217,"loc":{"start":{"line":217,"column":4},"end":{"line":219,"column":4}}},"18":{"name":"lessThan","line":221,"loc":{"start":{"line":221,"column":4},"end":{"line":223,"column":4}}},"19":{"name":"greaterThanOrEqualTo","line":225,"loc":{"start":{"line":225,"column":4},"end":{"line":227,"column":4}}},"20":{"name":"lessThanOrEqualTo","line":229,"loc":{"start":{"line":229,"column":4},"end":{"line":231,"column":4}}},"21":{"name":"isZero","line":233,"loc":{"start":{"line":233,"column":4},"end":{"line":235,"column":4}}},"22":{"name":"asUint256","line":237,"loc":{"start":{"line":237,"column":4},"end":{"line":239,"column":4}}},"23":{"name":"getPartial","line":243,"loc":{"start":{"line":243,"column":4},"end":{"line":253,"column":4}}},"24":{"name":"compareTo","line":255,"loc":{"start":{"line":255,"column":4},"end":{"line":267,"column":4}}}},"statementMap":{"1":{"start":{"line":47,"column":8},"end":{"line":47,"column":33}},"2":{"start":{"line":55,"column":8},"end":{"line":55,"column":36}},"3":{"start":{"line":65,"column":8},"end":{"line":65,"column":43}},"4":{"start":{"line":76,"column":8},"end":{"line":76,"column":54}},"5":{"start":{"line":89,"column":8},"end":{"line":89,"column":59}},"6":{"start":{"line":100,"column":8},"end":{"line":100,"column":59}},"7":{"start":{"line":112,"column":8},"end":{"line":112,"column":67}},"8":{"start":{"line":123,"column":8},"end":{"line":123,"column":49}},"9":{"start":{"line":134,"column":8},"end":{"line":134,"column":49}},"10":{"start":{"line":145,"column":8},"end":{"line":145,"column":2872}},"11":{"start":{"line":146,"column":12},"end":{"line":146,"column":26}},"12":{"start":{"line":149,"column":8},"end":{"line":149,"column":54}},"13":{"start":{"line":150,"column":8},"end":{"line":150,"column":2989}},"14":{"start":{"line":151,"column":12},"end":{"line":151,"column":33}},"15":{"start":{"line":154,"column":8},"end":{"line":154,"column":19}},"16":{"start":{"line":165,"column":8},"end":{"line":165,"column":55}},"17":{"start":{"line":176,"column":8},"end":{"line":176,"column":55}},"18":{"start":{"line":188,"column":8},"end":{"line":188,"column":63}},"19":{"start":{"line":199,"column":8},"end":{"line":199,"column":69}},"20":{"start":{"line":210,"column":8},"end":{"line":210,"column":69}},"21":{"start":{"line":214,"column":8},"end":{"line":214,"column":36}},"22":{"start":{"line":218,"column":8},"end":{"line":218,"column":38}},"23":{"start":{"line":222,"column":8},"end":{"line":222,"column":38}},"24":{"start":{"line":226,"column":8},"end":{"line":226,"column":37}},"25":{"start":{"line":230,"column":8},"end":{"line":230,"column":37}},"26":{"start":{"line":234,"column":8},"end":{"line":234,"column":30}},"27":{"start":{"line":238,"column":8},"end":{"line":238,"column":35}},"28":{"start":{"line":252,"column":8},"end":{"line":252,"column":53}},"29":{"start":{"line":263,"column":8},"end":{"line":263,"column":5424}},"30":{"start":{"line":264,"column":12},"end":{"line":264,"column":20}},"31":{"start":{"line":266,"column":8},"end":{"line":266,"column":40}}},"branchMap":{"1":{"line":145,"type":"if","locations":[{"start":{"line":145,"column":8},"end":{"line":145,"column":8}},{"start":{"line":145,"column":8},"end":{"line":145,"column":8}}]},"2":{"line":263,"type":"if","locations":[{"start":{"line":263,"column":8},"end":{"line":263,"column":8}},{"start":{"line":263,"column":8},"end":{"line":263,"column":8}}]}}},"contracts/external/Roots.sol":{"l":{"8":0,"9":0,"10":0,"11":0,"12":0,"13":0,"16":0,"22":0,"27":0,"31":0},"path":"/Users/joeysantoro/Desktop/Ethereum/Fei-Protocol/contracts/external/Roots.sol","s":{"1":0,"2":0,"3":0,"4":0,"5":0,"6":0,"7":0,"8":0,"9":0,"10":0,"11":0},"b":{"1":[0,0],"2":[0,0]},"f":{"1":0,"2":0,"3":0,"4":0},"fnMap":{"1":{"name":"cubeRoot","line":7,"loc":{"start":{"line":7,"column":4},"end":{"line":18,"column":4}}},"2":{"name":"threeHalfsRoot","line":21,"loc":{"start":{"line":21,"column":4},"end":{"line":23,"column":4}}},"3":{"name":"twoThirdsRoot","line":26,"loc":{"start":{"line":26,"column":4},"end":{"line":28,"column":4}}},"4":{"name":"sqrt","line":30,"loc":{"start":{"line":30,"column":4},"end":{"line":32,"column":4}}}},"statementMap":{"1":{"start":{"line":8,"column":8},"end":{"line":8,"column":261}},"2":{"start":{"line":9,"column":12},"end":{"line":9,"column":16}},"3":{"start":{"line":10,"column":12},"end":{"line":10,"column":30}},"4":{"start":{"line":11,"column":12},"end":{"line":11,"column":341}},"5":{"start":{"line":12,"column":16},"end":{"line":12,"column":20}},"6":{"start":{"line":13,"column":16},"end":{"line":13,"column":46}},"7":{"start":{"line":15,"column":15},"end":{"line":15,"column":454}},"8":{"start":{"line":16,"column":12},"end":{"line":16,"column":16}},"9":{"start":{"line":22,"column":8},"end":{"line":22,"column":27}},"10":{"start":{"line":27,"column":8},"end":{"line":27,"column":30}},"11":{"start":{"line":31,"column":8},"end":{"line":31,"column":33}}},"branchMap":{"1":{"line":8,"type":"if","locations":[{"start":{"line":8,"column":8},"end":{"line":8,"column":8}},{"start":{"line":8,"column":8},"end":{"line":8,"column":8}}]},"2":{"line":15,"type":"if","locations":[{"start":{"line":15,"column":15},"end":{"line":15,"column":15}},{"start":{"line":15,"column":15},"end":{"line":15,"column":15}}]}}},"contracts/external/SafeMathCopy.sol":{"l":{"30":0,"31":0,"33":0,"47":0,"61":0,"62":0,"64":0,"81":0,"82":0,"85":0,"86":0,"88":0,"104":0,"120":0,"121":0,"124":0,"140":0,"156":0,"157":0},"path":"/Users/joeysantoro/Desktop/Ethereum/Fei-Protocol/contracts/external/SafeMathCopy.sol","s":{"1":0,"2":0,"3":0,"4":0,"5":0,"6":0,"7":0,"8":0,"9":0,"10":0,"11":0,"12":0,"13":0,"14":0,"15":0,"16":0,"17":0,"18":0,"19":0},"b":{"1":[0,0],"2":[0,0],"3":[0,0],"4":[0,0],"5":[0,0],"6":[0,0]},"f":{"1":0,"2":0,"3":0,"4":0,"5":0,"6":0,"7":0,"8":0},"fnMap":{"1":{"name":"add","line":29,"loc":{"start":{"line":29,"column":4},"end":{"line":34,"column":4}}},"2":{"name":"sub","line":46,"loc":{"start":{"line":46,"column":4},"end":{"line":48,"column":4}}},"3":{"name":"sub","line":60,"loc":{"start":{"line":60,"column":4},"end":{"line":65,"column":4}}},"4":{"name":"mul","line":77,"loc":{"start":{"line":77,"column":4},"end":{"line":89,"column":4}}},"5":{"name":"div","line":103,"loc":{"start":{"line":103,"column":4},"end":{"line":105,"column":4}}},"6":{"name":"div","line":119,"loc":{"start":{"line":119,"column":4},"end":{"line":125,"column":4}}},"7":{"name":"mod","line":139,"loc":{"start":{"line":139,"column":4},"end":{"line":141,"column":4}}},"8":{"name":"mod","line":155,"loc":{"start":{"line":155,"column":4},"end":{"line":158,"column":4}}}},"statementMap":{"1":{"start":{"line":30,"column":8},"end":{"line":30,"column":25}},"2":{"start":{"line":31,"column":8},"end":{"line":31,"column":53}},"3":{"start":{"line":33,"column":8},"end":{"line":33,"column":16}},"4":{"start":{"line":47,"column":8},"end":{"line":47,"column":58}},"5":{"start":{"line":61,"column":8},"end":{"line":61,"column":36}},"6":{"start":{"line":62,"column":8},"end":{"line":62,"column":25}},"7":{"start":{"line":64,"column":8},"end":{"line":64,"column":16}},"8":{"start":{"line":81,"column":8},"end":{"line":81,"column":2571}},"9":{"start":{"line":82,"column":12},"end":{"line":82,"column":20}},"10":{"start":{"line":85,"column":8},"end":{"line":85,"column":25}},"11":{"start":{"line":86,"column":8},"end":{"line":86,"column":63}},"12":{"start":{"line":88,"column":8},"end":{"line":88,"column":16}},"13":{"start":{"line":104,"column":8},"end":{"line":104,"column":54}},"14":{"start":{"line":120,"column":8},"end":{"line":120,"column":35}},"15":{"start":{"line":121,"column":8},"end":{"line":121,"column":25}},"16":{"start":{"line":124,"column":8},"end":{"line":124,"column":16}},"17":{"start":{"line":140,"column":8},"end":{"line":140,"column":52}},"18":{"start":{"line":156,"column":8},"end":{"line":156,"column":36}},"19":{"start":{"line":157,"column":8},"end":{"line":157,"column":20}}},"branchMap":{"1":{"line":31,"type":"if","locations":[{"start":{"line":31,"column":8},"end":{"line":31,"column":8}},{"start":{"line":31,"column":8},"end":{"line":31,"column":8}}]},"2":{"line":61,"type":"if","locations":[{"start":{"line":61,"column":8},"end":{"line":61,"column":8}},{"start":{"line":61,"column":8},"end":{"line":61,"column":8}}]},"3":{"line":81,"type":"if","locations":[{"start":{"line":81,"column":8},"end":{"line":81,"column":8}},{"start":{"line":81,"column":8},"end":{"line":81,"column":8}}]},"4":{"line":86,"type":"if","locations":[{"start":{"line":86,"column":8},"end":{"line":86,"column":8}},{"start":{"line":86,"column":8},"end":{"line":86,"column":8}}]},"5":{"line":120,"type":"if","locations":[{"start":{"line":120,"column":8},"end":{"line":120,"column":8}},{"start":{"line":120,"column":8},"end":{"line":120,"column":8}}]},"6":{"line":156,"type":"if","locations":[{"start":{"line":156,"column":8},"end":{"line":156,"column":8}},{"start":{"line":156,"column":8},"end":{"line":156,"column":8}}]}}},"contracts/genesis/GenesisGroup.sol":{"l":{"27":0,"28":0,"32":0,"33":0,"34":0,"38":0,"39":0,"40":0,"42":0,"43":0,"47":0,"48":0,"49":0,"50":0,"54":0,"55":0,"56":0,"58":0,"59":0,"63":0,"67":0},"path":"/Users/joeysantoro/Desktop/Ethereum/Fei-Protocol/contracts/genesis/GenesisGroup.sol","s":{"1":0,"2":0,"3":0,"4":0,"5":0,"6":0,"7":0,"8":0,"9":0,"10":0,"11":0,"12":0,"13":0,"14":0,"15":0,"16":0,"17":0,"18":0,"19":0,"20":0,"21":0},"b":{"1":[0,0],"2":[0,0]},"f":{"1":0,"2":0,"3":0,"4":0,"5":0,"6":0,"7":0},"fnMap":{"1":{"name":"constructor","line":25,"loc":{"start":{"line":19,"column":1},"end":{"line":29,"column":1}}},"2":{"name":"purchase","line":31,"loc":{"start":{"line":31,"column":1},"end":{"line":35,"column":1}}},"3":{"name":"redeem","line":37,"loc":{"start":{"line":37,"column":1},"end":{"line":44,"column":1}}},"4":{"name":"launch","line":46,"loc":{"start":{"line":46,"column":1},"end":{"line":51,"column":1}}},"5":{"name":"getAmountOut","line":53,"loc":{"start":{"line":53,"column":1},"end":{"line":60,"column":1}}},"6":{"name":"exchangeRate","line":62,"loc":{"start":{"line":62,"column":1},"end":{"line":64,"column":1}}},"7":{"name":"fgenRatio","line":66,"loc":{"start":{"line":66,"column":1},"end":{"line":68,"column":1}}}},"statementMap":{"1":{"start":{"line":27,"column":2},"end":{"line":27,"column":44}},"2":{"start":{"line":28,"column":2},"end":{"line":28,"column":25}},"3":{"start":{"line":32,"column":2},"end":{"line":32,"column":24}},"4":{"start":{"line":33,"column":2},"end":{"line":33,"column":51}},"5":{"start":{"line":34,"column":2},"end":{"line":34,"column":17}},"6":{"start":{"line":38,"column":2},"end":{"line":38,"column":43}},"7":{"start":{"line":39,"column":2},"end":{"line":39,"column":54}},"8":{"start":{"line":40,"column":2},"end":{"line":40,"column":30}},"9":{"start":{"line":42,"column":2},"end":{"line":42,"column":58}},"10":{"start":{"line":43,"column":2},"end":{"line":43,"column":34}},"11":{"start":{"line":47,"column":2},"end":{"line":47,"column":30}},"12":{"start":{"line":48,"column":2},"end":{"line":48,"column":38}},"13":{"start":{"line":49,"column":2},"end":{"line":49,"column":58}},"14":{"start":{"line":50,"column":2},"end":{"line":50,"column":27}},"15":{"start":{"line":54,"column":2},"end":{"line":54,"column":30}},"16":{"start":{"line":55,"column":2},"end":{"line":55,"column":1442}},"17":{"start":{"line":56,"column":3},"end":{"line":56,"column":21}},"18":{"start":{"line":58,"column":2},"end":{"line":58,"column":52}},"19":{"start":{"line":59,"column":2},"end":{"line":59,"column":38}},"20":{"start":{"line":63,"column":2},"end":{"line":63,"column":52}},"21":{"start":{"line":67,"column":2},"end":{"line":67,"column":57}}},"branchMap":{"1":{"line":33,"type":"if","locations":[{"start":{"line":33,"column":2},"end":{"line":33,"column":2}},{"start":{"line":33,"column":2},"end":{"line":33,"column":2}}]},"2":{"line":55,"type":"if","locations":[{"start":{"line":55,"column":2},"end":{"line":55,"column":2}},{"start":{"line":55,"column":2},"end":{"line":55,"column":2}}]}}},"contracts/genesis/IDO.sol":{"l":{"16":0,"17":0,"18":0,"19":0,"20":0,"21":0,"22":0,"23":0,"27":0,"28":0,"29":0,"30":0},"path":"/Users/joeysantoro/Desktop/Ethereum/Fei-Protocol/contracts/genesis/IDO.sol","s":{"1":0,"2":0,"3":0,"4":0,"5":0,"6":0,"7":0,"8":0,"9":0,"10":0,"11":0,"12":0},"b":{},"f":{"1":0,"2":0},"fnMap":{"1":{"name":"constructor","line":14,"loc":{"start":{"line":12,"column":1},"end":{"line":24,"column":1}}},"2":{"name":"deploy","line":26,"loc":{"start":{"line":26,"column":1},"end":{"line":40,"column":1}}}},"statementMap":{"1":{"start":{"line":16,"column":2},"end":{"line":16,"column":31}},"2":{"start":{"line":17,"column":2},"end":{"line":17,"column":35}},"3":{"start":{"line":18,"column":2},"end":{"line":18,"column":31}},"4":{"start":{"line":19,"column":2},"end":{"line":19,"column":27}},"5":{"start":{"line":20,"column":2},"end":{"line":20,"column":29}},"6":{"start":{"line":21,"column":2},"end":{"line":21,"column":73}},"7":{"start":{"line":22,"column":2},"end":{"line":22,"column":17}},"8":{"start":{"line":23,"column":2},"end":{"line":23,"column":22}},"9":{"start":{"line":27,"column":2},"end":{"line":27,"column":35}},"10":{"start":{"line":28,"column":2},"end":{"line":28,"column":56}},"11":{"start":{"line":29,"column":2},"end":{"line":29,"column":19}},"12":{"start":{"line":30,"column":2},"end":{"line":30,"column":953}}},"branchMap":{}},"contracts/Migrations.sol":{"l":{"9":0,"13":0,"17":0},"path":"/Users/joeysantoro/Desktop/Ethereum/Fei-Protocol/contracts/Migrations.sol","s":{"1":0,"2":0},"b":{"1":[0,0]},"f":{"1":0,"2":0},"fnMap":{"1":{"name":"restricted","line":8,"loc":{"start":{"line":8,"column":2},"end":{"line":14,"column":2}}},"2":{"name":"setCompleted","line":16,"loc":{"start":{"line":16,"column":2},"end":{"line":18,"column":2}}}},"statementMap":{"1":{"start":{"line":9,"column":4},"end":{"line":9,"column":201}},"2":{"start":{"line":17,"column":4},"end":{"line":17,"column":39}}},"branchMap":{"1":{"line":9,"type":"if","locations":[{"start":{"line":9,"column":4},"end":{"line":9,"column":4}},{"start":{"line":9,"column":4},"end":{"line":9,"column":4}}]}}},"contracts/oracle/BondingCurveOracle.sol":{"l":{"19":0,"20":0,"24":0,"28":0,"32":0,"33":0,"35":0,"36":0,"38":0},"path":"/Users/joeysantoro/Desktop/Ethereum/Fei-Protocol/contracts/oracle/BondingCurveOracle.sol","s":{"1":0,"2":0,"3":0,"4":0,"5":0,"6":0,"7":0,"8":0,"9":0},"b":{"1":[0,0],"2":[0,0]},"f":{"1":0,"2":0,"3":0,"4":0},"fnMap":{"1":{"name":"constructor","line":17,"loc":{"start":{"line":16,"column":1},"end":{"line":21,"column":1}}},"2":{"name":"setKillSwitch","line":23,"loc":{"start":{"line":23,"column":1},"end":{"line":25,"column":1}}},"3":{"name":"update","line":27,"loc":{"start":{"line":27,"column":1},"end":{"line":29,"column":1}}},"4":{"name":"read","line":31,"loc":{"start":{"line":31,"column":4},"end":{"line":39,"column":4}}}},"statementMap":{"1":{"start":{"line":19,"column":2},"end":{"line":19,"column":33}},"2":{"start":{"line":20,"column":2},"end":{"line":20,"column":44}},"3":{"start":{"line":24,"column":2},"end":{"line":24,"column":25}},"4":{"start":{"line":28,"column":2},"end":{"line":28,"column":31}},"5":{"start":{"line":32,"column":5},"end":{"line":32,"column":838}},"6":{"start":{"line":33,"column":6},"end":{"line":33,"column":36}},"7":{"start":{"line":35,"column":5},"end":{"line":35,"column":906}},"8":{"start":{"line":36,"column":6},"end":{"line":36,"column":33}},"9":{"start":{"line":38,"column":5},"end":{"line":38,"column":50}}},"branchMap":{"1":{"line":32,"type":"if","locations":[{"start":{"line":32,"column":5},"end":{"line":32,"column":5}},{"start":{"line":32,"column":5},"end":{"line":32,"column":5}}]},"2":{"line":35,"type":"if","locations":[{"start":{"line":35,"column":5},"end":{"line":35,"column":5}},{"start":{"line":35,"column":5},"end":{"line":35,"column":5}}]}}},"contracts/oracle/IOracle.sol":{"l":{},"path":"/Users/joeysantoro/Desktop/Ethereum/Fei-Protocol/contracts/oracle/IOracle.sol","s":{},"b":{},"f":{},"fnMap":{},"statementMap":{},"branchMap":{}},"contracts/oracle/UniswapOracle.sol":{"l":{"25":0,"26":0,"27":0,"28":0,"32":0,"36":0,"44":0,"45":0,"46":0,"47":0,"48":0,"49":0,"53":0,"54":0,"56":0,"58":0,"59":0,"60":0,"64":0,"65":0,"69":0,"70":0,"71":0,"72":0,"73":0,"77":0},"path":"/Users/joeysantoro/Desktop/Ethereum/Fei-Protocol/contracts/oracle/UniswapOracle.sol","s":{"1":0,"2":0,"3":0,"4":0,"5":0,"6":0,"7":0,"8":0,"9":0,"10":0,"11":0,"12":0,"13":0,"14":0,"15":0,"16":0,"17":0,"18":0,"19":0,"20":0,"21":0,"22":0,"23":0,"24":0,"25":0,"26":0},"b":{"1":[0,0]},"f":{"1":0,"2":0,"3":0,"4":0,"5":0,"6":0,"7":0},"fnMap":{"1":{"name":"constructor","line":23,"loc":{"start":{"line":22,"column":1},"end":{"line":29,"column":1}}},"2":{"name":"setKillSwitch","line":31,"loc":{"start":{"line":31,"column":1},"end":{"line":33,"column":1}}},"3":{"name":"setDuration","line":35,"loc":{"start":{"line":35,"column":1},"end":{"line":37,"column":1}}},"4":{"name":"update","line":39,"loc":{"start":{"line":39,"column":1},"end":{"line":61,"column":1}}},"5":{"name":"read","line":63,"loc":{"start":{"line":63,"column":4},"end":{"line":66,"column":4}}},"6":{"name":"init","line":68,"loc":{"start":{"line":68,"column":1},"end":{"line":74,"column":1}}},"7":{"name":"getCumulative","line":76,"loc":{"start":{"line":76,"column":4},"end":{"line":78,"column":1}}}},"statementMap":{"1":{"start":{"line":25,"column":2},"end":{"line":25,"column":29}},"2":{"start":{"line":26,"column":2},"end":{"line":26,"column":21}},"3":{"start":{"line":27,"column":2},"end":{"line":27,"column":21}},"4":{"start":{"line":28,"column":2},"end":{"line":28,"column":7}},"5":{"start":{"line":32,"column":2},"end":{"line":32,"column":25}},"6":{"start":{"line":36,"column":2},"end":{"line":36,"column":21}},"7":{"start":{"line":44,"column":8},"end":{"line":44,"column":59}},"8":{"start":{"line":45,"column":8},"end":{"line":45,"column":59}},"9":{"start":{"line":46,"column":8},"end":{"line":46,"column":57}},"10":{"start":{"line":47,"column":2},"end":{"line":47,"column":59}},"11":{"start":{"line":48,"column":2},"end":{"line":48,"column":1645}},"12":{"start":{"line":49,"column":3},"end":{"line":49,"column":15}},"13":{"start":{"line":53,"column":2},"end":{"line":53,"column":76}},"14":{"start":{"line":54,"column":2},"end":{"line":54,"column":60}},"15":{"start":{"line":56,"column":2},"end":{"line":56,"column":54}},"16":{"start":{"line":58,"column":2},"end":{"line":58,"column":34}},"17":{"start":{"line":59,"column":2},"end":{"line":59,"column":36}},"18":{"start":{"line":60,"column":2},"end":{"line":60,"column":13}},"19":{"start":{"line":64,"column":5},"end":{"line":64,"column":48}},"20":{"start":{"line":65,"column":5},"end":{"line":65,"column":25}},"21":{"start":{"line":69,"column":8},"end":{"line":69,"column":59}},"22":{"start":{"line":70,"column":8},"end":{"line":70,"column":59}},"23":{"start":{"line":71,"column":8},"end":{"line":71,"column":57}},"24":{"start":{"line":72,"column":8},"end":{"line":72,"column":40}},"25":{"start":{"line":73,"column":2},"end":{"line":73,"column":68}},"26":{"start":{"line":77,"column":2},"end":{"line":77,"column":55}}},"branchMap":{"1":{"line":48,"type":"if","locations":[{"start":{"line":48,"column":2},"end":{"line":48,"column":2}},{"start":{"line":48,"column":2},"end":{"line":48,"column":2}}]}}},"contracts/pcv/EthUniswapPCVController.sol":{"l":{"22":0,"23":0,"24":0,"25":0,"26":0,"30":0,"34":0,"35":0,"36":0,"40":0,"44":0,"48":0,"52":0,"53":0,"54":0,"55":0,"56":0,"60":0,"61":0,"62":0,"64":0,"65":0,"66":0,"67":0,"71":0,"72":0,"73":0,"74":0,"75":0,"76":0,"78":0,"79":0,"83":0,"84":0},"path":"/Users/joeysantoro/Desktop/Ethereum/Fei-Protocol/contracts/pcv/EthUniswapPCVController.sol","s":{"1":0,"2":0,"3":0,"4":0,"5":0,"6":0,"7":0,"8":0,"9":0,"10":0,"11":0,"12":0,"13":0,"14":0,"15":0,"16":0,"17":0,"18":0,"19":0,"20":0,"21":0,"22":0,"23":0,"24":0,"25":0,"26":0,"27":0,"28":0,"29":0,"30":0,"31":0,"32":0,"33":0,"34":0},"b":{"1":[0,0],"2":[0,0],"3":[0,0]},"f":{"1":0,"2":0,"3":0,"4":0,"5":0,"6":0,"7":0,"8":0,"9":0,"10":0},"fnMap":{"1":{"name":"constructor","line":20,"loc":{"start":{"line":19,"column":1},"end":{"line":27,"column":1}}},"2":{"name":"forceReweight","line":29,"loc":{"start":{"line":29,"column":1},"end":{"line":31,"column":1}}},"3":{"name":"reweight","line":33,"loc":{"start":{"line":33,"column":1},"end":{"line":37,"column":1}}},"4":{"name":"setPCVDeposit","line":39,"loc":{"start":{"line":39,"column":1},"end":{"line":41,"column":1}}},"5":{"name":"setReweightIncentive","line":43,"loc":{"start":{"line":43,"column":1},"end":{"line":45,"column":1}}},"6":{"name":"incentivize","line":47,"loc":{"start":{"line":47,"column":1},"end":{"line":49,"column":1}}},"7":{"name":"_reweight","line":51,"loc":{"start":{"line":51,"column":1},"end":{"line":57,"column":1}}},"8":{"name":"returnToPeg","line":59,"loc":{"start":{"line":59,"column":1},"end":{"line":68,"column":1}}},"9":{"name":"swapEth","line":70,"loc":{"start":{"line":70,"column":1},"end":{"line":80,"column":1}}},"10":{"name":"withdrawAll","line":82,"loc":{"start":{"line":82,"column":1},"end":{"line":85,"column":1}}}},"statementMap":{"1":{"start":{"line":22,"column":2},"end":{"line":22,"column":45}},"2":{"start":{"line":23,"column":2},"end":{"line":23,"column":58}},"3":{"start":{"line":24,"column":2},"end":{"line":24,"column":38}},"4":{"start":{"line":25,"column":2},"end":{"line":25,"column":20}},"5":{"start":{"line":26,"column":2},"end":{"line":26,"column":57}},"6":{"start":{"line":30,"column":2},"end":{"line":30,"column":12}},"7":{"start":{"line":34,"column":2},"end":{"line":34,"column":99}},"8":{"start":{"line":35,"column":2},"end":{"line":35,"column":12}},"9":{"start":{"line":36,"column":2},"end":{"line":36,"column":14}},"10":{"start":{"line":40,"column":2},"end":{"line":40,"column":45}},"11":{"start":{"line":44,"column":2},"end":{"line":44,"column":33}},"12":{"start":{"line":48,"column":2},"end":{"line":48,"column":48}},"13":{"start":{"line":52,"column":2},"end":{"line":52,"column":14}},"14":{"start":{"line":53,"column":2},"end":{"line":53,"column":14}},"15":{"start":{"line":54,"column":2},"end":{"line":54,"column":38}},"16":{"start":{"line":55,"column":2},"end":{"line":55,"column":44}},"17":{"start":{"line":56,"column":2},"end":{"line":56,"column":14}},"18":{"start":{"line":60,"column":2},"end":{"line":60,"column":54}},"19":{"start":{"line":61,"column":2},"end":{"line":61,"column":1746}},"20":{"start":{"line":62,"column":3},"end":{"line":62,"column":9}},"21":{"start":{"line":64,"column":2},"end":{"line":64,"column":37}},"22":{"start":{"line":65,"column":5},"end":{"line":65,"column":80}},"23":{"start":{"line":66,"column":5},"end":{"line":66,"column":43}},"24":{"start":{"line":67,"column":5},"end":{"line":67,"column":48}},"25":{"start":{"line":71,"column":2},"end":{"line":71,"column":38}},"26":{"start":{"line":72,"column":2},"end":{"line":72,"column":44}},"27":{"start":{"line":73,"column":2},"end":{"line":73,"column":82}},"28":{"start":{"line":74,"column":2},"end":{"line":74,"column":35}},"29":{"start":{"line":75,"column":2},"end":{"line":75,"column":30}},"30":{"start":{"line":76,"column":2},"end":{"line":76,"column":37}},"31":{"start":{"line":78,"column":2},"end":{"line":78,"column":127}},"32":{"start":{"line":79,"column":2},"end":{"line":79,"column":63}},"33":{"start":{"line":83,"column":2},"end":{"line":83,"column":38}},"34":{"start":{"line":84,"column":2},"end":{"line":84,"column":42}}},"branchMap":{"1":{"line":34,"type":"if","locations":[{"start":{"line":34,"column":2},"end":{"line":34,"column":2}},{"start":{"line":34,"column":2},"end":{"line":34,"column":2}}]},"2":{"line":61,"type":"if","locations":[{"start":{"line":61,"column":2},"end":{"line":61,"column":2}},{"sta
[...]
0,"7":0,"8":0,"9":0,"10":0,"11":0,"12":0,"13":0,"14":0,"15":0,"16":0,"17":0,"18":0,"19":0,"20":0,"21":0,"22":0,"23":0,"24":0},"b":{"1":[0,0],"2":[0,0],"3":[0,0],"4":[0,0],"5":[0,0]},"f":{"1":16,"2":0,"3":0,"4":0,"5":0,"6":0,"7":0},"fnMap":{"1":{"name":"constructor","line":26,"loc":{"start":{"line":24,"column":1},"end":{"line":26,"column":22}}},"2":{"name":"mint","line":28,"loc":{"start":{"line":28,"column":4},"end":{"line":31,"column":4}}},"3":{"name":"burnFrom","line":33,"loc":{"start":{"line":33,"column":4},"end":{"line":36,"column":4}}},"4":{"name":"_beforeTokenTransfer","line":38,"loc":{"start":{"line":38,"column":4},"end":{"line":42,"column":4}}},"5":{"name":"setIncentiveContract","line":44,"loc":{"start":{"line":44,"column":4},"end":{"line":46,"column":4}}},"6":{"name":"getIncentiveContract","line":48,"loc":{"start":{"line":48,"column":4},"end":{"line":50,"column":4}}},"7":{"name":"checkAndApplyIncentives","line":52,"loc":{"start":{"line":52,"column":4},"end":{"line":77,"column":4}}}},"statementMap":{"1":{"start":{"line":29,"column":8},"end":{"line":29,"column":29}},"2":{"start":{"line":30,"column":8},"end":{"line":30,"column":49}},"3":{"start":{"line":34,"column":8},"end":{"line":34,"column":29}},"4":{"start":{"line":35,"column":8},"end":{"line":35,"column":49}},"5":{"start":{"line":39,"column":8},"end":{"line":39,"column":1305}},"6":{"start":{"line":40,"column":12},"end":{"line":40,"column":52}},"7":{"start":{"line":45,"column":8},"end":{"line":45,"column":38}},"8":{"start":{"line":49,"column":8},"end":{"line":49,"column":34}},"9":{"start":{"line":54,"column":8},"end":{"line":54,"column":52}},"10":{"start":{"line":55,"column":8},"end":{"line":55,"column":1887}},"11":{"start":{"line":56,"column":12},"end":{"line":56,"column":89}},"12":{"start":{"line":57,"column":12},"end":{"line":57,"column":78}},"13":{"start":{"line":60,"column":8},"end":{"line":60,"column":58}},"14":{"start":{"line":61,"column":8},"end":{"line":61,"column":2208}},"15":{"start":{"line":62,"column":12},"end":{"line":62,"column":92}},"16":{"start":{"line":63,"column":12},"end":{"line":63,"column":84}},"17":{"start":{"line":66,"column":8},"end":{"line":66,"column":58}},"18":{"start":{"line":67,"column":8},"end":{"line":67,"column":2540}},"19":{"start":{"line":68,"column":12},"end":{"line":68,"column":91}},"20":{"start":{"line":69,"column":12},"end":{"line":69,"column":84}},"21":{"start":{"line":72,"column":8},"end":{"line":72,"column":53}},"22":{"start":{"line":73,"column":8},"end":{"line":73,"column":2908}},"23":{"start":{"line":74,"column":12},"end":{"line":74,"column":86}},"24":{"start":{"line":75,"column":12},"end":{"line":75,"column":79}}},"branchMap":{"1":{"line":39,"type":"if","locations":[{"start":{"line":39,"column":8},"end":{"line":39,"column":8}},{"start":{"line":39,"column":8},"end":{"line":39,"column":8}}]},"2":{"line":55,"type":"if","locations":[{"start":{"line":55,"column":8},"end":{"line":55,"column":8}},{"start":{"line":55,"column":8},"end":{"line":55,"column":8}}]},"3":{"line":61,"type":"if","locations":[{"start":{"line":61,"column":8},"end":{"line":61,"column":8}},{"start":{"line":61,"column":8},"end":{"line":61,"column":8}}]},"4":{"line":67,"type":"if","locations":[{"start":{"line":67,"column":8},"end":{"line":67,"column":8}},{"start":{"line":67,"column":8},"end":{"line":67,"column":8}}]},"5":{"line":73,"type":"if","locations":[{"start":{"line":73,"column":8},"end":{"line":73,"column":8}},{"start":{"line":73,"column":8},"end":{"line":73,"column":8}}]}}},"contracts/token/IFei.sol":{"l":{},"path":"/Users/joeysantoro/Desktop/Ethereum/Fei-Protocol/contracts/token/IFei.sol","s":{},"b":{},"f":{},"fnMap":{},"statementMap":{},"branchMap":{}},"contracts/token/IIncentive.sol":{"l":{},"path":"/Users/joeysantoro/Desktop/Ethereum/Fei-Protocol/contracts/token/IIncentive.sol","s":{},"b":{},"f":{},"fnMap":{},"statementMap":{},"branchMap":{}},"contracts/token/IUniswapIncentive.sol":{"l":{},"path":"/Users/joeysantoro/Desktop/Ethereum/Fei-Protocol/contracts/token/IUniswapIncentive.sol","s":{},"b":{},"f":{},"fnMap":{},"statementMap":{},"branchMap":{}},"contracts/token/LinearTokenTimelock.sol":{"l":{"27":0,"28":0,"30":0,"31":0,"37":0,"38":0,"39":0,"41":0,"42":0,"46":0,"50":0,"55":0,"56":0,"58":0,"59":0,"62":0,"63":0,"64":0,"68":0,"69":0,"71":0,"75":0,"76":0,"80":0},"path":"/Users/joeysantoro/Desktop/Ethereum/Fei-Protocol/contracts/token/LinearTokenTimelock.sol","s":{"1":0,"2":0,"3":0,"4":0,"5":0,"6":0,"7":0,"8":0,"9":0,"10":0,"11":0,"12":0,"13":0,"14":0,"15":0,"16":0,"17":0,"18":0,"19":0,"20":0,"21":0,"22":0,"23":0},"b":{"1":[0,0],"2":[0,0],"3":[0,0],"4":[0,0],"5":[0,0]},"f":{"1":0,"2":0,"3":0,"4":0,"5":0,"6":0,"7":0,"8":0},"fnMap":{"1":{"name":"constructor","line":25,"loc":{"start":{"line":25,"column":4},"end":{"line":33,"column":4}}},"2":{"name":"balanceCheck","line":36,"loc":{"start":{"line":36,"column":4},"end":{"line":43,"column":4}}},"3":{"name":"totalToken","line":45,"loc":{"start":{"line":45,"column":4},"end":{"line":47,"column":4}}},"4":{"name":"alreadyReleasedAmount","line":49,"loc":{"start":{"line":49,"column":4},"end":{"line":51,"column":4}}},"5":{"name":"availableForRelease","line":53,"loc":{"start":{"line":53,"column":4},"end":{"line":65,"column":4}}},"6":{"name":"release","line":67,"loc":{"start":{"line":67,"column":4},"end":{"line":72,"column":4}}},"7":{"name":"setBeneficiary","line":74,"loc":{"start":{"line":74,"column":4},"end":{"line":77,"column":4}}},"8":{"name":"setLockedToken","line":79,"loc":{"start":{"line":79,"column":4},"end":{"line":81,"column":4}}}},"statementMap":{"1":{"start":{"line":27,"column":8},"end":{"line":27,"column":96}},"2":{"start":{"line":28,"column":8},"end":{"line":28,"column":33}},"3":{"start":{"line":30,"column":8},"end":{"line":30,"column":29}},"4":{"start":{"line":31,"column":8},"end":{"line":31,"column":39}},"5":{"start":{"line":37,"column":8},"end":{"line":37,"column":1150}},"6":{"start":{"line":38,"column":12},"end":{"line":38,"column":51}},"7":{"start":{"line":39,"column":12},"end":{"line":39,"column":34}},"8":{"start":{"line":42,"column":8},"end":{"line":42,"column":33}},"9":{"start":{"line":46,"column":8},"end":{"line":46,"column":51}},"10":{"start":{"line":50,"column":8},"end":{"line":50,"column":44}},"11":{"start":{"line":55,"column":8},"end":{"line":55,"column":45}},"12":{"start":{"line":56,"column":8},"end":{"line":56,"column":55}},"13":{"start":{"line":58,"column":8},"end":{"line":58,"column":1809}},"14":{"start":{"line":59,"column":12},"end":{"line":59,"column":27}},"15":{"start":{"line":62,"column":8},"end":{"line":62,"column":63}},"16":{"start":{"line":63,"column":8},"end":{"line":63,"column":68}},"17":{"start":{"line":64,"column":8},"end":{"line":64,"column":27}},"18":{"start":{"line":68,"column":8},"end":{"line":68,"column":46}},"19":{"start":{"line":69,"column":8},"end":{"line":69,"column":71}},"20":{"start":{"line":71,"column":8},"end":{"line":71,"column":48}},"21":{"start":{"line":75,"column":8},"end":{"line":75,"column":91}},"22":{"start":{"line":76,"column":8},"end":{"line":76,"column":31}},"23":{"start":{"line":80,"column":8},"end":{"line":80,"column":41}}},"branchMap":{"1":{"line":27,"type":"if","locations":[{"start":{"line":27,"column":8},"end":{"line":27,"column":8}},{"start":{"line":27,"column":8},"end":{"line":27,"column":8}}]},"2":{"line":37,"type":"if","locations":[{"start":{"line":37,"column":8},"end":{"line":37,"column":8}},{"start":{"line":37,"column":8},"end":{"line":37,"column":8}}]},"3":{"line":58,"type":"if","locations":[{"start":{"line":58,"column":8},"end":{"line":58,"column":8}},{"start":{"line":58,"column":8},"end":{"line":58,"column":8}}]},"4":{"line":69,"type":"if","locations":[{"start":{"line":69,"column":8},"end":{"line":69,"column":8}},{"start":{"line":69,"column":8},"end":{"line":69,"column":8}}]},"5":{"line":75,"type":"if","locations":[{"start":{"line":75,"column":8},"end":{"line":75,"column":8}},{"start":{"line":75,"column":8},"end":{"line":75,"column":8}}]}}},"contracts/token/UniswapIncentive.sol":{"l":{"30":0,"31":0,"40":0,"41":0,"42":0,"45":0,"46":0,"51":0,"55":0,"56":0,"60":0,"64":0,"65":0,"66":0,"68":0,"72":0,"76":0,"80":0,"81":0,"83":0,"84":0,"85":0,"87":0,"88":0,"89":0,"98":0,"99":0,"100":0,"101":0,"104":0,"105":0,"106":0,"109":0,"110":0,"111":0,"119":0,"121":0,"122":0,"125":0,"126":0,"127":0,"128":0,"129":0,"131":0,"134":0,"135":0,"136":0,"140":0,"141":0,"144":0,"148":0,"149":0,"150":0,"155":0,"156":0,"159":0,"162":0,"163":0,"164":0,"165":0,"173":0,"174":0,"175":0,"176":0,"178":0,"184":0,"193":0,"194":0,"195":0,"198":0,"199":0,"200":0,"203":0,"205":0,"206":0,"207":0,"209":0,"210":0,"211":0},"path":"/Users/joeysantoro/Desktop/Ethereum/Fei-Protocol/contracts/token/UniswapIncentive.sol","s":{"1":0,"2":0,"3":0,"4":0,"5":0,"6":0,"7":0,"8":0,"9":0,"10":0,"11":0,"12":0,"13":0,"14":0,"15":0,"16":0,"17":0,"18":0,"19":0,"20":0,"21":0,"22":0,"23":0,"24":0,"25":0,"26":0,"27":0,"28":0,"29":0,"30":0,"31":0,"32":0,"33":0,"34":0,"35":0,"36":0,"37":0,"38":0,"39":0,"40":0,"41":0,"42":0,"43":0,"44":0,"45":0,"46":0,"47":0,"48":0,"49":0,"50":0,"51":0,"52":0,"53":0,"54":0,"55":0,"56":0,"57":0,"58":0,"59":0,"60":0,"61":0,"62":0,"63":0,"64":0,"65":0,"66":0,"67":0,"68":0,"69":0,"70":0,"71":0,"72":0,"73":0,"74":0,"75":0,"76":0,"77":0,"78":0,"79":0},"b":{"1":[0,0],"2":[0,0],"3":[0,0],"4":[0,0],"5":[0,0],"6":[0,0],"7":[0,0],"8":[0,0],"9":[0,0],"10":[0,0],"11":[0,0],"12":[0,0],"13":[0,0],"14":[0,0],"15":[0,0],"16":[0,0],"17":[0,0],"18":[0,0]},"f":{"1":0,"2":0,"3":0,"4":0,"5":0,"6":0,"7":0,"8":0,"9":0,"10":0,"11":0,"12":0,"13":0,"14":0,"15":0,"16":0},"fnMap":{"1":{"name":"constructor","line":29,"loc":{"start":{"line":28,"column":1},"end":{"line":32,"column":4}}},"2":{"name":"incentivize","line":39,"loc":{"start":{"line":34,"column":4},"end":{"line":48,"column":4}}},"3":{"name":"setExemptAddress","line":50,"loc":{"start":{"line":50,"column":4},"end":{"line":52,"column":4}}},"4":{"name":"setTimeWeightGrowth","line":54,"loc":{"start":{"line":54,"column":4},"end":{"line":57,"column":4}}},"5":{"name":"getGrowthRate","line":59,"loc":{"start":{"line":59,"column":4},"end":{"line":61,"column":4}}},"6":{"name":"getTimeWeight","line":63,"loc":{"start":{"line":63,"column":4},"end":{"line":69,"column":4}}},"7":{"name":"setTimeWeight","line":71,"loc":{"start":{"line":71,"column":4},"end":{"line":73,"column":4}}},"8":{"name":"isExemptAddress","line":75,"loc":{"start":{"line":75,"column":4},"end":{"line":77,"column":4}}},"9":{"name":"isIncentiveParity","line":79,"loc":{"start":{"line":79,"column":4},"end":{"line":90,"column":4}}},"10":{"name":"getBuyIncentive","line":92,"loc":{"start":{"line":92,"column":4},"end":{"line":112,"column":4}}},"11":{"name":"getSellPenalty","line":114,"loc":{"start":{"line":114,"column":4},"end":{"line":137,"column":4}}},"12":{"name":"incentivizeBuy","line":139,"loc":{"start":{"line":139,"column":4},"end":{"line":152,"column":4}}},"13":{"name":"incentivizeSell","line":154,"loc":{"start":{"line":154,"column":4},"end":{"line":167,"column":4}}},"14":{"name":"calculateBuyIncentiveMultiplier","line":169,"loc":{"start":{"line":169,"column":4},"end":{"line":179,"column":4}}},"15":{"name":"calculateSellPenaltyMultiplier","line":181,"loc":{"start":{"line":181,"column":4},"end":{"line":185,"column":4}}},"16":{"name":"updateTimeWeight","line":187,"loc":{"start":{"line":187,"column":4},"end":{"line":212,"column":4}}}},"statementMap":{"1":{"start":{"line":30,"column":8},"end":{"line":30,"column":26}},"2":{"start":{"line":31,"column":8},"end":{"line":31,"column":93}},"3":{"start":{"line":40,"column":8},"end":{"line":40,"column":21}},"4":{"start":{"line":41,"column":5},"end":{"line":41,"column":1131}},"5":{"start":{"line":42,"column":6},"end":{"line":42,"column":39}},"6":{"start":{"line":45,"column":5},"end":{"line":45,"column":1208}},"7":{"start":{"line":46,"column":6},"end":{"line":46,"column":38}},"8":{"start":{"line":51,"column":5},"end":{"line":51,"column":31}},"9":{"start":{"line":55,"column":8},"end":{"line":55,"column":49}},"10":{"start":{"line":56,"column":8},"end":{"line":56,"column":84}},"11":{"start":{"line":60,"column":8},"end":{"line":60,"column":40}},"12":{"start":{"line":64,"column":8},"end":{"line":64,"column":49}},"13":{"start":{"line":65,"column":8},"end":{"line":65,"column":1862}},"14":{"start":{"line":66,"column":12},"end":{"line":66,"column":20}},"15":{"start":{"line":68,"column":8},"end":{"line":68,"column":72}},"16":{"start":{"line":72,"column":8},"end":{"line":72,"column":71}},"17":{"start":{"line":76,"column":5},"end":{"line":76,"column":28}},"18":{"start":{"line":80,"column":8},"end":{"line":80,"column":37}},"19":{"start":{"line":81,"column":8},"end":{"line":81,"column":77}},"20":{"start":{"line":83,"column":8},"end":{"line":83,"column":57}},"21":{"start":{"line":84,"column":8},"end":{"line":84,"column":72}},"22":{"start":{"line":85,"column":8},"end":{"line":85,"column":100}},"23":{"start":{"line":87,"column":8},"end":{"line":87,"column":90}},"24":{"start":{"line":88,"column":8},"end":{"line":88,"column":79}},"25":{"start":{"line":89,"column":8},"end":{"line":89,"column":40}},"26":{"start":{"line":98,"column":8},"end":{"line":98,"column":83}},"27":{"start":{"line":99,"column":8},"end":{"line":99,"column":31}},"28":{"start":{"line":100,"column":8},"end":{"line":100,"column":3281}},"29":{"start":{"line":101,"column":12},"end":{"line":101,"column":64}},"30":{"start":{"line":104,"column":8},"end":{"line":104,"column":43}},"31":{"start":{"line":105,"column":8},"end":{"line":105,"column":3458}},"32":{"start":{"line":106,"column":12},"end":{"line":106,"column":51}},"33":{"start":{"line":109,"column":8},"end":{"line":109,"column":98}},"34":{"start":{"line":110,"column":8},"end":{"line":110,"column":65}},"35":{"start":{"line":111,"column":8},"end":{"line":111,"column":68}},"36":{"start":{"line":119,"column":8},"end":{"line":119,"column":119}},"37":{"start":{"line":121,"column":8},"end":{"line":121,"column":4131}},"38":{"start":{"line":122,"column":12},"end":{"line":122,"column":56}},"39":{"start":{"line":125,"column":8},"end":{"line":125,"column":43}},"40":{"start":{"line":126,"column":8},"end":{"line":126,"column":4298}},"41":{"start":{"line":127,"column":12},"end":{"line":127,"column":53}},"42":{"start":{"line":128,"column":12},"end":{"line":128,"column":4416}},"43":{"start":{"line":129,"column":16},"end":{"line":129,"column":56}},"44":{"start":{"line":131,"column":16},"end":{"line":131,"column":37}},"45":{"start":{"line":134,"column":8},"end":{"line":134,"column":87}},"46":{"start":{"line":135,"column":8},"end":{"line":135,"column":63}},"47":{"start":{"line":136,"column":8},"end":{"line":136,"column":58}},"48":{"start":{"line":140,"column":5},"end":{"line":140,"column":4899}},"49":{"start":{"line":141,"column":6},"end":{"line":141,"column":12}},"50":{"start":{"line":144,"column":8},"end":{"line":144,"column":5026}},"51":{"start":{"line":148,"column":8},"end":{"line":148,"column":65}},"52":{"start":{"line":149,"column":8},"end":{"line":149,"column":5196}},"53":{"start":{"line":150,"column":12},"end":{"line":150,"column":40}},"54":{"start":{"line":155,"column":5},"end":{"line":155,"column":5374}},"55":{"start":{"line":156,"column":6},"end":{"line":156,"column":12}},"56":{"start":{"line":159,"column":8},"end":{"line":159,"column":5498}},"57":{"start":{"line":162,"column":8},"end":{"line":162,"column":40}},"58":{"start":{"line":163,"column":8},"end":{"line":163,"column":65}},"59":{"start":{"line":164,"column":8},"end":{"line":164,"column":5683}},"60":{"start":{"line":165,"column":12},"end":{"line":165,"column":42}},"61":{"start":{"line":173,"column":8},"end":{"line":173,"column":92}},"62":{"start":{"line":174,"column":8},"end":{"line":174,"column":94}},"63":{"start":{"line":175,"column":8},"end":{"line":175,"column":6120}},"64":{"start":{"line":176,"column":12},"end":{"line":176,"column":39}},"65":{"start":{"line":178,"column":8},"end":{"line":178,"column":28}},"66":{"start":{"line":184,"column":8},"end":{"line":184,"column":48}},"67":{"start":{"line":193,"column":8},"end":{"line":193,"column":6678}},"68":{"start":{"line":194,"column":12},"end":{"line":194,"column":83}},"69":{"start":{"line":195,"column":12},"end":{"line":195,"column":18}},"70":{"start":{"line":198,"column":8},"end":{"line":198,"column":6864}},"71":{"start":{"line":199,"column":12},"end":{"line":199,"column":82}},"72":{"start":{"line":200,"column":12},"end":{"line":200,"column":18}},"73":{"start":{"line":203,"column":8},"end":{"line":203,"column":45}},"74":{"start":{"line":205,"column":8},"end":{"line":205,"column":7105}},"75":{"start":{"line":206,"column":12},"end":{"line":206,"column":85}},"76":{"start":{"line":207,"column":12},"end":{"line":207,"column":72}},"77":{"start":{"line":209,"column":8},"end":{"line":209,"column":89}},"78":{"start":{"line":210,"column":8},"end":{"line":210,"column":57}},"79":{"start":{"line":211,"column":8},"end":{"line":211,"column":90}}},"branchMap":{"1":{"line":41,"type":"if","locations":[{"start":{"line":41,"column":5},"end":{"line":41,"column":5}},{"start":{"line":41,"column":5},"end":{"line":41,"column":5}}]},"2":{"line":45,"type":"if","locations":[{"start":{"line":45,"column":5},"end":{"line":45,"column":5}},{"start":{"line":45,"column":5},"end":{"line":45,"column":5}}]},"3":{"line":65,"type":"if","locations":[{"start":{"line":65,"column":8},"end":{"line":65,"column":8}},{"start":{"line":65,"column":8},"end":{"line":65,"column":8}}]},"4":{"line":81,"type":"if","locations":[{"start":{"line":81,"column":8},"end":{"line":81,"column":8}},{"start":{"line":81,"column":8},"end":{"line":81,"column":8}}]},"5":{"line":85,"type":"if","locations":[{"start":{"line":85,"column":8},"end":{"line":85,"column":8}},{"start":{"line":85,"column":8},"end":{"line":85,"column":8}}]},"6":{"line":100,"type":"if","locations":[{"start":{"line":100,"column":8},"end":{"line":100,"column":8}},{"start":{"line":100,"column":8},"end":{"line":100,"column":8}}]},"7":{"line":105,"type":"if","locations":[{"start":{"line":105,"column":8},"end":{"line":105,"column":8}},{"start":{"line":105,"column":8},"end":{"line":105,"column":8}}]},"8":{"line":121,"type":"if","locations":[{"start":{"line":121,"column":8},"end":{"line":121,"column":8}},{"start":{"line":121,"column":8},"end":{"line":121,"column":8}}]},"9":{"line":126,"type":"if","locations":[{"start":{"line":126,"column":8},"end":{"line":126,"column":8}},{"start":{"line":126,"column":8},"end":{"line":126,"column":8}}]},"10":{"line":128,"type":"if","locations":[{"start":{"line":128,"column":12},"end":{"line":128,"column":12}},{"start":{"line":128,"column":12},"end":{"line":128,"column":12}}]},"11":{"line":140,"type":"if","locations":[{"start":{"line":140,"column":5},"end":{"line":140,"column":5}},{"start":{"line":140,"column":5},"end":{"line":140,"column":5}}]},"12":{"line":149,"type":"if","locations":[{"start":{"line":149,"column":8},"end":{"line":149,"column":8}},{"start":{"line":149,"column":8},"end":{"line":149,"column":8}}]},"13":{"line":155,"type":"if","locations":[{"start":{"line":155,"column":5},"end":{"line":155,"column":5}},{"start":{"line":155,"column":5},"end":{"line":155,"column":5}}]},"14":{"line":164,"type":"if","locations":[{"start":{"line":164,"column":8},"end":{"line":164,"column":8}},{"start":{"line":164,"column":8},"end":{"line":164,"column":8}}]},"15":{"line":175,"type":"if","locations":[{"start":{"line":175,"column":8},"end":{"line":175,"column":8}},{"start":{"line":175,"column":8},"end":{"line":175,"column":8}}]},"16":{"line":193,"type":"if","locations":[{"start":{"line":193,"column":8},"end":{"line":193,"column":8}},{"start":{"line":193,"column":8},"end":{"line":193,"column":8}}]},"17":{"line":198,"type":"if","locations":[{"start":{"line":198,"column":8},"end":{"line":198,"column":8}},{"start":{"line":198,"column":8},"end":{"line":198,"column":8}}]},"18":{"line":205,"type":"if","locations":[{"start":{"line":205,"column":8},"end":{"line":205,"column":8}},{"start":{"line":205,"column":8},"end":{"line":205,"column":8}}]}}}}